#
# A fatal error has been detected by the Java Runtime Environment:
#
#  EXCEPTION_ACCESS_VIOLATION (0xc0000005) at pc=0x00007ffea44d6472, pid=22316, tid=21940
#
# JRE version: OpenJDK Runtime Environment (24.0.1+9) (build 24.0.1+9-30)
# Java VM: OpenJDK 64-Bit Server VM (24.0.1+9-30, mixed mode, emulated-client, sharing, tiered, compressed oops, compressed class ptrs, g1 gc, windows-amd64)
# Problematic frame:
# V  [jvm.dll+0x376472]
#
# No core dump will be written. Minidumps are not enabled by default on client versions of Windows
#
# If you would like to submit a bug report, please visit:
#   https://bugreport.java.com/bugreport/crash.jsp
#

---------------  S U M M A R Y ------------

Command Line: -XX:TieredStopAtLevel=1 -Dspring.output.ansi.enabled=always -Dcom.sun.management.jmxremote -Dspring.jmx.enabled=true -Dspring.liveBeansView.mbeanDomain -Dspring.application.admin.enabled=true -Dmanagement.endpoints.jmx.exposure.include=* -javaagent:C:\Program Files\JetBrains\IntelliJ IDEA 2024.2.1\lib\idea_rt.jar=50640:C:\Program Files\JetBrains\IntelliJ IDEA 2024.2.1\bin -Dfile.encoding=UTF-8 -Dsun.stdout.encoding=UTF-8 -Dsun.stderr.encoding=UTF-8 com.example.nutridata.NutridataApplication

Host: Intel(R) Pentium(R) CPU 5405U @ 2.30GHz, 4 cores, 7G,  Windows 11 , 64 bit Build 26100 (10.0.26100.4768)
Time: Wed Aug  6 10:40:28 2025 Pacific SA Standard Time elapsed time: 781.646189 seconds (0d 0h 13m 1s)

---------------  T H R E A D  ---------------

Current thread (0x000001ad05c266b0):  WorkerThread "GC Thread#0"    [id=21940, stack(0x00000032f3e00000,0x00000032f3f00000) (1024K)]

Stack: [0x00000032f3e00000,0x00000032f3f00000],  sp=0x00000032f3eff770,  free space=1021k
Native frames: (J=compiled Java code, j=interpreted, Vv=VM code, C=native code)
V  [jvm.dll+0x376472]  (no source info available)
V  [jvm.dll+0x37444a]  (no source info available)
V  [jvm.dll+0x37b61d]  (no source info available)
V  [jvm.dll+0x37affa]  (no source info available)
V  [jvm.dll+0x37ad7a]  (no source info available)
V  [jvm.dll+0x37a6cb]  (no source info available)
V  [jvm.dll+0x90c487]  (no source info available)
V  [jvm.dll+0x87d76b]  (no source info available)
V  [jvm.dll+0x72ee55]  (no source info available)
C  [ucrtbase.dll+0x37b0]  (no source info available)
C  [KERNEL32.DLL+0x2e8d7]  (no source info available)
C  [ntdll.dll+0x3c34c]  (no source info available)


siginfo: EXCEPTION_ACCESS_VIOLATION (0xc0000005), reading address 0x000001ad99bc392c


Registers:
RAX=0x000001ad99bc3920, RBX=0x0000000082a361f0, RCX=0x0000000000000000, RDX=0x0000000000000001
RSP=0x00000032f3eff770, RBP=0x0000000084295444, RSI=0x000001ad5c4a9030, RDI=0x000001ad5c4a9030
R8 =0x000001ad11c90d80, R9 =0x0000000000000070, R10=0x0000000000000004, R11=0x0000000000000004
R12=0x000001ad182ee968, R13=0x0000000084295388, R14=0x000001ad182ee960, R15=0x000001ad5c4a95d8
RIP=0x00007ffea44d6472, EFLAGS=0x0000000000010202

XMM[0]=0x0000003200000000 0x00000000838b3fb8
XMM[1]=0x0000000000000000 0x00000032f4eff670
XMM[2]=0x0000000000000000 0x0000000000000000
XMM[3]=0x0000000000000000 0x0000000000000000
XMM[4]=0x0000000000000000 0x0000000000000000
XMM[5]=0x0000000000000000 0x0000000000000000
XMM[6]=0x0000000000000000 0x0000000000000000
XMM[7]=0x0000000000000000 0x0000000000000000
XMM[8]=0x0000000000000000 0x0000000000000000
XMM[9]=0x0000000000000000 0x0000000000000000
XMM[10]=0x0000000000000000 0x0000000000000000
XMM[11]=0x0000000000000000 0x0000000000000000
XMM[12]=0x0000000000000000 0x0000000000000000
XMM[13]=0x0000000000000000 0x0000000000000000
XMM[14]=0x0000000000000000 0x0000000000000000
XMM[15]=0x0000000000000000 0x0000000000000000
  MXCSR=0x00001fa0


Register to memory mapping:

RAX=0x000001ad99bc3920 is an unknown value
RBX=0x0000000082a361f0 is pointing into object: java.lang.reflect.Method 
{0x0000000082a361c8} - klass: 'java/lang/reflect/Method' - flags: 

 - ---- fields (total size 11 words):
 - 'override' 'Z' @12  false (0x00)
 - volatile 'accessCheckCache' 'Ljava/lang/Object;' @16  null (0x00000000)
 - private transient 'parameterData' 'Ljava/lang/reflect/Executable$ParameterData;' @20  null (0x00000000)
 - private volatile transient 'declaredAnnotations' 'Ljava/util/Map;' @24  null (0x00000000)
 - private 'callerSensitive' 'B' @13  0 (0x00)
 - private final 'slot' 'I' @28  3 (0x00000003)
 - private final 'modifiers' 'I' @32  1 (0x00000001)
 - private 'hash' 'I' @36  0 (0x00000000)
 - private final 'clazz' 'Ljava/lang/Class;' @40  a 'java/lang/Class'{0x00000000826ee848} = 'org/springframework/boot/autoconfigure/web/ErrorProperties' (0x826ee848)
 - private final 'name' 'Ljava/lang/String;' @44  "getIncludePath"{0x0000000082a36190} (0x82a36190)
 - private final 'returnType' 'Ljava/lang/Class;' @48  a 'java/lang/Class'{0x0000000082bc3920} = 'org/springframework/boot/autoconfigure/web/ErrorProperties$IncludeAttribute' (0x82bc3920)
 - private final 'parameterTypes' '[Ljava/lang/Class;' @52  a 'java/lang/Class'[0] {0x0000000082241e48} (0x82241e48)
 - private final 'exceptionTypes' '[Ljava/lang/Class;' @56  a 'java/lang/Class'[0] {0x0000000082241e48} (0x82241e48)
 - private final transient 'signature' 'Ljava/lang/String;' @60  null (0x00000000)
 - private final 'annotations' '[B' @64  null (0x00000000)
 - private final 'parameterAnnotations' '[B' @68  null (0x00000000)
 - private final 'annotationDefault' '[B' @72  null (0x00000000)
 - private 'root' 'Ljava/lang/reflect/Method;' @76  null (0x00000000)
 - private volatile transient 'genericInfo' 'Lsun/reflect/generics/repository/MethodRepository;' @80  null (0x00000000)
 - private 'methodAccessor' 'Ljdk/internal/reflect/MethodAccessor;' @84  null (0x00000000)
RCX=0x0 is null
RDX=0x0000000000000001 is an unknown value
RSP=0x00000032f3eff770 points into unknown readable memory: 0x0000000082a361f0 | f0 61 a3 82 00 00 00 00
RBP=0x0000000084295444 is an unknown heap location
RSI=0x000001ad5c4a9030 points into unknown readable memory: 0x00000032f44ff1c0 | c0 f1 4f f4 32 00 00 00
RDI=0x000001ad5c4a9030 points into unknown readable memory: 0x00000032f44ff1c0 | c0 f1 4f f4 32 00 00 00
R8 =0x000001ad11c90d80 points into unknown readable memory: 0x4224022421208411 | 11 84 20 21 24 02 24 42
R9 =0x0000000000000070 is an unknown value
R10=0x0000000000000004 is an unknown value
R11=0x0000000000000004 is an unknown value
R12=0x000001ad182ee968 is a pointer to class: 
org.springframework.core.type.StandardMethodMetadata {0x000001ad182ee970}
 - instance size:     3
 - klass size:        105
 - access:            public synchronized 
 - flags:             has_nonstatic_fields should_verify_class has_nonstatic_concrete_methods has_localvariable_table has_miranda_methods has_final_method 
 - state:             loaded
 - name:              'org/springframework/core/type/StandardMethodMetadata'
 - super:             'java/lang/Object'
 - sub:               
 - arrays:            null
 - methods:           Array<T>(0x000001ad5960ae88)
 - method ordering:   Array<T>(0x000001ad176d5188)
 - default_methods:   Array<T>(0x000001ad5960bce0)
 - default vtable indices:   Array<T>(0x000001ad5960bd18)
 - local interfaces:  Array<T>(0x000001ad5960ae78)
 - trans. interfaces: Array<T>(0x000001ad5960bc80)
 - secondary supers: Array<T>(0x000001ad5960bcc8)
 - hash_slot:         36
 - secondary bitmap: 0x0000080000000200
 - constants:         constant pool [155] {0x000001ad5960a900} for 'org/springframework/core/type/StandardMethodMetadata'
 - class loader data:  loader data: 0x000001ad160e0870 for instance a 'jdk/internal/loader/ClassLoaders$AppClassLoader'{0x0000000082241ce8}
 - source file:       'StandardMethodMetadata.java'
 - inner classes:     Array<T>(0x000001ad5960bc68)
 - nest members:     Array<T>(0x000001ad1765e218)
 - permitted subclasses:     Array<T>(0x000001ad1765e218)
 - java mirror:       a 'java/lang/Class'{0x00000000826f5048} = 'org/springframework/core/type/StandardMethodMetadata'
 - vtable length      21  (start addr: 0x000001ad182eeb48)
 - itable length      23 (start addr: 0x000001ad182eebf0)
 - ---- static fields (0 words):
 - ---- non-static fields (3 words):
 - private final 'nestedAnnotationsAsMap' 'Z' @12 
 - private final 'introspectedMethod' 'Ljava/lang/reflect/Method;' @16 
 - private final 'mergedAnnotations' 'Lorg/springframework/core/annotation/MergedAnnotations;' @20 
 - non-static oop maps: 16-20 
R13=0x0000000084295388 is an oop: org.springframework.context.annotation.ConfigurationClassBeanDefinitionReader$ConfigurationClassBeanDefinition 
{0x0000000084295388} - klass: 'org/springframework/context/annotation/ConfigurationClassBeanDefinitionReader$ConfigurationClassBeanDefinition' - flags: is_cloneable_fast 

 - ---- fields (total size 24 words):
 - private final 'attributes' 'Ljava/util/Map;' @12  a 'java/util/LinkedHashMap'{0x0000000084295448} (0x84295448)
 - private 'source' 'Ljava/lang/Object;' @16  a 'org/springframework/core/type/classreading/SimpleMethodMetadata'{0x000000008398cf28} (0x8398cf28)
 - private 'autowireMode' 'I' @20  3 (0x00000003)
 - private 'dependencyCheck' 'I' @24  0 (0x00000000)
 - private 'role' 'I' @28  0 (0x00000000)
 - private 'abstractFlag' 'Z' @32  false (0x00)
 - private 'backgroundInit' 'Z' @33  false (0x00)
 - private 'autowireCandidate' 'Z' @34  true (0x01)
 - private 'defaultCandidate' 'Z' @35  true (0x01)
 - private 'primary' 'Z' @36  false (0x00)
 - private 'fallback' 'Z' @37  false (0x00)
 - private 'nonPublicAccessAllowed' 'Z' @38  true (0x01)
 - private 'lenientConstructorResolution' 'Z' @39  false (0x00)
 - private 'enforceInitMethod' 'Z' @40  true (0x01)
 - private 'enforceDestroyMethod' 'Z' @41  true (0x01)
 - private 'synthetic' 'Z' @42  false (0x00)
 - private volatile 'beanClass' 'Ljava/lang/Object;' @44  null (0x00000000)
 - private 'scope' 'Ljava/lang/String;' @48  "singleton"{0x000000008223bd08} (0x8223bd08)
 - private 'lazyInit' 'Ljava/lang/Boolean;' @52  null (0x00000000)
 - private 'dependsOn' '[Ljava/lang/String;' @56  null (0x00000000)
 - private final 'qualifiers' 'Ljava/util/Map;' @60  a 'java/util/LinkedHashMap'{0x0000000084295488} (0x84295488)
 - private 'instanceSupplier' 'Ljava/util/function/Supplier;' @64  null (0x00000000)
 - private 'factoryBeanName' 'Ljava/lang/String;' @68  "org.springframework.boot.autoconfigure.web.servlet.error.ErrorMvcAutoConfiguration"{0x0000000083808690} (0x83808690)
 - private 'factoryMethodName' 'Ljava/lang/String;' @72  "errorAttributes"{0x0000000083808658} (0x83808658)
 - private 'constructorArgumentValues' 'Lorg/springframework/beans/factory/config/ConstructorArgumentValues;' @76  null (0x00000000)
 - private 'propertyValues' 'Lorg/springframework/beans/MutablePropertyValues;' @80  a 'org/springframework/beans/MutablePropertyValues'{0x00000000842954c8} (0x842954c8)
 - private 'methodOverrides' 'Lorg/springframework/beans/factory/support/MethodOverrides;' @84  a 'org/springframework/beans/factory/support/MethodOverrides'{0x00000000842954f8} (0x842954f8)
 - private 'initMethodNames' '[Ljava/lang/String;' @88  null (0x00000000)
 - private 'destroyMethodNames' '[Ljava/lang/String;' @92  a 'java/lang/String'[1] {0x00000000839f07e0} (0x839f07e0)
 - private 'description' 'Ljava/lang/String;' @96  null (0x00000000)
 - private 'resource' 'Lorg/springframework/core/io/Resource;' @100  a 'org/springframework/core/io/ClassPathResource'{0x000000008398cae8} (0x8398cae8)
 - volatile 'stale' 'Z' @43  false (0x00)
 - 'allowCaching' 'Z' @104  true (0x01)
 - 'isFactoryMethodUnique' 'Z' @105  true (0x01)
 - 'constructorArgumentsResolved' 'Z' @106  true (0x01)
 - 'postProcessed' 'Z' @107  true (0x01)
 - private 'decoratedDefinition' 'Lorg/springframework/beans/factory/config/BeanDefinitionHolder;' @108  null (0x00000000)
 - private 'qualifiedElement' 'Ljava/lang/reflect/AnnotatedElement;' @112  null (0x00000000)
 - volatile 'targetType' 'Lorg/springframework/core/ResolvableType;' @116  null (0x00000000)
 - volatile 'resolvedTargetType' 'Ljava/lang/Class;' @120  a 'java/lang/Class'{0x0000000082b65e78} = 'org/springframework/boot/web/servlet/error/DefaultErrorAttributes' (0x82b65e78)
 - volatile 'isFactoryBean' 'Ljava/lang/Boolean;' @124  a 'java/lang/Boolean'{0x00000000822361f0} = false (0x822361f0)
 - volatile 'factoryMethodReturnType' 'Lorg/springframework/core/ResolvableType;' @128  a 'org/springframework/core/ResolvableType'{0x00000000839f0830} (0x839f0830)
 - volatile 'factoryMethodToIntrospect' 'Ljava/lang/reflect/Method;' @132  a 'java/lang/reflect/Method'{0x0000000083914e38} (0x83914e38)
 - volatile 'resolvedDestroyMethodName' 'Ljava/lang/String;' @136  ""{0x00000000833b8900} (0x833b8900)
 - final 'constructorArgumentLock' 'Ljava/lang/Object;' @140  a 'java/lang/Object'{0x0000000084295540} (0x84295540)
 - 'resolvedConstructorOrFactoryMethod' 'Ljava/lang/reflect/Executable;' @144  a 'java/lang/reflect/Method'{0x0000000083914e38} (0x83914e38)
 - 'resolvedConstructorArguments' '[Ljava/lang/Object;' @148  a 'java/lang/Object'[0] {0x00000000829f11a8} (0x829f11a8)
 - 'preparedConstructorArguments' '[Ljava/lang/Object;' @152  null (0x00000000)
 - final 'postProcessingLock' 'Ljava/lang/Object;' @156  a 'java/lang/Object'{0x0000000084295550} (0x84295550)
 - volatile 'beforeInstantiationResolved' 'Ljava/lang/Boolean;' @160  
[error occurred during error reporting (printing register info), id 0xc0000005, EXCEPTION_ACCESS_VIOLATION (0xc0000005) at pc=0x00007ffea487a2d0]
R14=0x000001ad182ee960 is pointing into metadata
R15=0x000001ad5c4a95d8 points into unknown readable memory: 0x00007ffea4ba1980 | 80 19 ba a4 fe 7f 00 00

Top of Stack: (sp=0x00000032f3eff770)
0x00000032f3eff770:   0000000082a361f0 000001ad05bdfd90   .a..............
0x00000032f3eff780:   000001ad5c4a9030 00007ffea44d63c9   0.J\.....cM.....
0x00000032f3eff790:   0000000082a361f0 00007ffea44d444a   .a......JDM.....
0x00000032f3eff7a0:   0000000084295428 000001ad15f7ee70   (T).....p.......
0x00000032f3eff7b0:   000001ad5c4a95d8 00007ffea44d4ec9   ..J\.....NM.....
0x00000032f3eff7c0:   00000032f44ff3a8 00007ffea4d8fd68   ..O.2...h.......
0x00000032f3eff7d0:   0000000000000000 00000032f44ff3c0   ..........O.2...
0x00000032f3eff7e0:   000001ad5c4a9030 00007ffea44db61d   0.J\......M.....
0x00000032f3eff7f0:   0000000000000000 0000000000000068   ........h.......
0x00000032f3eff800:   0000000084295388 0000000000000000   .S).............
0x00000032f3eff810:   0000000000000000 0000000083a1cf88   ................
0x00000032f3eff820:   0000000000000000 00007ffea44daffa   ..........M.....
0x00000032f3eff830:   000001ad5c4a9030 0000000000000000   0.J\............
0x00000032f3eff840:   0000000000000200 000001ad5c4a9030   ........0.J\....
0x00000032f3eff850:   0000000083a1cf88 0000003200000000   ............2...
0x00000032f3eff860:   0000000000000000 0000000000000000   ................
0x00000032f3eff870:   000001ad5c4a9030 00000032f44fe9a0   0.J\......O.2...
0x00000032f3eff880:   0000000000000010 00007ffea44dad7a   ........z.M.....
0x00000032f3eff890:   0000000000000010 0000000000000000   ................
0x00000032f3eff8a0:   0000000000000000 00007ffea4d8fd68   ........h.......
0x00000032f3eff8b0:   000000008226eed8 0000003200000000   ..&.........2...
0x00000032f3eff8c0:   000001ad05be0178 0000000000000001   x...............
0x00000032f3eff8d0:   000001ad5c4a9030 00000000000003d8   0.J\............
0x00000032f3eff8e0:   000001ad05bdfd90 00007ffea44da6cb   ..........M.....
0x00000032f3eff8f0:   000000010000000f 000001ad05be2a10   .........*......
0x00000032f3eff900:   00000032f44fe840 000001ad05bdfda0   @.O.2...........
0x00000032f3eff910:   000000000000002a 00000000000025ae   *........%......
0x00000032f3eff920:   00000001d1de073a 000001a3429072ea   :........r.B....
0x00000032f3eff930:   00000001d1de073a 000001a3429072ea   :........r.B....
0x00000032f3eff940:   0000000000000000 0000000000000000   ................
0x00000032f3eff950:   00007ffea4b8ede0 000001ad5c4a95d8   ..........J\....
0x00000032f3eff960:   0000000000000000 0000000000000001   ................

Instructions: (pc=0x00007ffea44d6472)
  0x00007ffea44d6372:   e3 48 8b cf 48 03 1d 3b 71 91 00 48 8b d3 e8 2b
  0x00007ffea44d6382:   00 00 00 84 c0 74 0c 48 8d 4f 18 48 8b d3 e8 7b
  0x00007ffea44d6392:   0d 00 00 48 8b 5c 24 30 48 83 c4 20 5f c3 48 8b
  0x00007ffea44d63a2:   01 48 8b 80 60 05 00 00 48 83 c0 10 c3 cc 48 89
  0x00007ffea44d63b2:   5c 24 08 57 48 83 ec 20 48 8b f9 48 8b da 48 8b
  0x00007ffea44d63c2:   49 10 e8 57 87 fe ff 84 c0 75 0b 48 8b 5c 24 30
  0x00007ffea44d63d2:   48 83 c4 20 5f c3 80 3d 42 42 95 00 00 74 60 48
  0x00007ffea44d63e2:   85 db 74 5b 8b 15 84 66 8c 00 85 d2 74 10 83 fa
  0x00007ffea44d63f2:   01 74 06 48 8b 43 08 eb 22 8b 43 08 eb 0d 48 8b
  0x00007ffea44d6402:   03 8b 15 67 66 8c 00 48 c1 e8 2a 8b 0d bd 8c 8b
  0x00007ffea44d6412:   00 48 d3 e0 48 03 05 ab 8c 8b 00 48 3b 05 04 30
  0x00007ffea44d6422:   97 00 75 21 48 8b cb e8 e2 cb 02 00 84 c0 74 0f
  0x00007ffea44d6432:   48 8d 8f f8 05 00 00 48 8b d3 e8 ef e6 44 00 8b
  0x00007ffea44d6442:   15 29 66 8c 00 85 d2 74 10 83 fa 01 74 06 48 8b
  0x00007ffea44d6452:   43 08 eb 1c 8b 43 08 eb 07 48 8b 03 48 c1 e8 2a
  0x00007ffea44d6462:   8b 0d 68 8c 8b 00 48 d3 e0 48 03 05 56 8c 8b 00
=>0x00007ffea44d6472:   83 78 0c 04 75 17 48 63 05 39 73 91 00 0f b6 04
  0x00007ffea44d6482:   18 a8 08 75 08 48 8b cb e8 21 70 44 00 48 8d 8f
  0x00007ffea44d6492:   18 06 00 00 48 8b d3 e8 92 20 02 00 48 8b 5c 24
  0x00007ffea44d64a2:   30 b0 01 48 83 c4 20 5f c3 cc cc cc cc cc 48 89
  0x00007ffea44d64b2:   5c 24 10 48 89 74 24 18 48 89 7c 24 20 55 41 56
  0x00007ffea44d64c2:   41 57 48 8d ac 24 60 fc ff ff 48 81 ec a0 04 00
  0x00007ffea44d64d2:   00 48 8b 05 8e 2a 8e 00 48 33 c4 48 89 85 90 03
  0x00007ffea44d64e2:   00 00 48 8b f1 48 83 c1 08 e8 90 04 d1 ff 4c 8b
  0x00007ffea44d64f2:   c0 c6 44 24 20 00 41 b9 0b 00 00 00 48 8d 15 b3
  0x00007ffea44d6502:   b0 6c 00 48 8d 4d 40 e8 72 ee ff ff 48 8b d6 48
  0x00007ffea44d6512:   8d 8d d0 00 00 00 e8 33 40 00 00 48 8b 0e 48 8d
  0x00007ffea44d6522:   95 d0 00 00 00 44 8b 86 d0 01 00 00 48 8b 89 80
  0x00007ffea44d6532:   00 00 00 e8 b6 5f 59 00 48 8d 8d 30 02 00 00 e8
  0x00007ffea44d6542:   aa cf 4d 00 48 8d 8d f0 00 00 00 e8 be f7 ff ff
  0x00007ffea44d6552:   48 8b 06 8b 96 d0 01 00 00 48 8b 88 80 05 00 00
  0x00007ffea44d6562:   8b 79 28 e8 b6 23 40 00 48 8d 4e 08 e8 0d 04 d1


Stack slot to memory mapping:

stack at sp + 0 slots: 0x0000000082a361f0 is pointing into object: java.lang.reflect.Method 
{0x0000000082a361c8} - klass: 'java/lang/reflect/Method' - flags: 

 - ---- fields (total size 11 words):
 - 'override' 'Z' @12  false (0x00)
 - volatile 'accessCheckCache' 'Ljava/lang/Object;' @16  null (0x00000000)
 - private transient 'parameterData' 'Ljava/lang/reflect/Executable$ParameterData;' @20  null (0x00000000)
 - private volatile transient 'declaredAnnotations' 'Ljava/util/Map;' @24  null (0x00000000)
 - private 'callerSensitive' 'B' @13  0 (0x00)
 - private final 'slot' 'I' @28  3 (0x00000003)
 - private final 'modifiers' 'I' @32  1 (0x00000001)
 - private 'hash' 'I' @36  0 (0x00000000)
 - private final 'clazz' 'Ljava/lang/Class;' @40  a 'java/lang/Class'{0x00000000826ee848} = 'org/springframework/boot/autoconfigure/web/ErrorProperties' (0x826ee848)
 - private final 'name' 'Ljava/lang/String;' @44  "getIncludePath"{0x0000000082a36190} (0x82a36190)
 - private final 'returnType' 'Ljava/lang/Class;' @48  a 'java/lang/Class'{0x0000000082bc3920} = 'org/springframework/boot/autoconfigure/web/ErrorProperties$IncludeAttribute' (0x82bc3920)
 - private final 'parameterTypes' '[Ljava/lang/Class;' @52  a 'java/lang/Class'[0] {0x0000000082241e48} (0x82241e48)
 - private final 'exceptionTypes' '[Ljava/lang/Class;' @56  a 'java/lang/Class'[0] {0x0000000082241e48} (0x82241e48)
 - private final transient 'signature' 'Ljava/lang/String;' @60  null (0x00000000)
 - private final 'annotations' '[B' @64  null (0x00000000)
 - private final 'parameterAnnotations' '[B' @68  null (0x00000000)
 - private final 'annotationDefault' '[B' @72  null (0x00000000)
 - private 'root' 'Ljava/lang/reflect/Method;' @76  null (0x00000000)
 - private volatile transient 'genericInfo' 'Lsun/reflect/generics/repository/MethodRepository;' @80  null (0x00000000)
 - private 'methodAccessor' 'Ljdk/internal/reflect/MethodAccessor;' @84  null (0x00000000)
stack at sp + 1 slots: 0x000001ad05bdfd90 points into unknown readable memory: 0x0000000000000000 | 00 00 00 00 00 00 00 00
stack at sp + 2 slots: 0x000001ad5c4a9030 points into unknown readable memory: 0x00000032f44ff1c0 | c0 f1 4f f4 32 00 00 00
stack at sp + 3 slots: 0x00007ffea44d63c9 jvm.dll
stack at sp + 4 slots: 0x0000000082a361f0 is pointing into object: java.lang.reflect.Method 
{0x0000000082a361c8} - klass: 'java/lang/reflect/Method' - flags: 

 - ---- fields (total size 11 words):
 - 'override' 'Z' @12  false (0x00)
 - volatile 'accessCheckCache' 'Ljava/lang/Object;' @16  null (0x00000000)
 - private transient 'parameterData' 'Ljava/lang/reflect/Executable$ParameterData;' @20  null (0x00000000)
 - private volatile transient 'declaredAnnotations' 'Ljava/util/Map;' @24  null (0x00000000)
 - private 'callerSensitive' 'B' @13  0 (0x00)
 - private final 'slot' 'I' @28  3 (0x00000003)
 - private final 'modifiers' 'I' @32  1 (0x00000001)
 - private 'hash' 'I' @36  0 (0x00000000)
 - private final 'clazz' 'Ljava/lang/Class;' @40  a 'java/lang/Class'{0x00000000826ee848} = 'org/springframework/boot/autoconfigure/web/ErrorProperties' (0x826ee848)
 - private final 'name' 'Ljava/lang/String;' @44  "getIncludePath"{0x0000000082a36190} (0x82a36190)
 - private final 'returnType' 'Ljava/lang/Class;' @48  a 'java/lang/Class'{0x0000000082bc3920} = 'org/springframework/boot/autoconfigure/web/ErrorProperties$IncludeAttribute' (0x82bc3920)
 - private final 'parameterTypes' '[Ljava/lang/Class;' @52  a 'java/lang/Class'[0] {0x0000000082241e48} (0x82241e48)
 - private final 'exceptionTypes' '[Ljava/lang/Class;' @56  a 'java/lang/Class'[0] {0x0000000082241e48} (0x82241e48)
 - private final transient 'signature' 'Ljava/lang/String;' @60  null (0x00000000)
 - private final 'annotations' '[B' @64  null (0x00000000)
 - private final 'parameterAnnotations' '[B' @68  null (0x00000000)
 - private final 'annotationDefault' '[B' @72  null (0x00000000)
 - private 'root' 'Ljava/lang/reflect/Method;' @76  null (0x00000000)
 - private volatile transient 'genericInfo' 'Lsun/reflect/generics/repository/MethodRepository;' @80  null (0x00000000)
 - private 'methodAccessor' 'Ljdk/internal/reflect/MethodAccessor;' @84  null (0x00000000)
stack at sp + 5 slots: 0x00007ffea44d444a jvm.dll
stack at sp + 6 slots: 0x0000000084295428 is an unknown heap location
stack at sp + 7 slots: 0x000001ad15f7ee70 points into unknown readable memory: 0x00007ffea4c06d40 | 40 6d c0 a4 fe 7f 00 00


---------------  P R O C E S S  ---------------

Threads class SMR info:
_java_thread_list=0x000001ad5d147a60, length=16, elements={
0x000001ad160d56b0, 0x000001ad160d8470, 0x000001ad160d9120, 0x000001ad160dbc60,
0x000001ad160dd7a0, 0x000001ad160de2d0, 0x000001ad160e0e10, 0x000001ad161f22f0,
0x000001ad1654e3b0, 0x000001ad16bb4ee0, 0x000001ad16aaa220, 0x000001ad16aabf60,
0x000001ad5d942910, 0x000001ad16aac6b0, 0x000001ad16aa9380, 0x000001ad5d9421c0
}
_to_delete_list=0x000001ad5cbbe410
Skipping _to_delete_list fields and contents for safety.

Java Threads: ( => current thread )
  0x000001ad160d56b0 JavaThread "Reference Handler"          daemon [_thread_blocked, id=11232, stack(0x00000032f4500000,0x00000032f4600000) (1024K)]
  0x000001ad160d8470 JavaThread "Finalizer"                  daemon [_thread_blocked, id=696, stack(0x00000032f4600000,0x00000032f4700000) (1024K)]
  0x000001ad160d9120 JavaThread "Signal Dispatcher"          daemon [_thread_blocked, id=4872, stack(0x00000032f4700000,0x00000032f4800000) (1024K)]
  0x000001ad160dbc60 JavaThread "Attach Listener"            daemon [_thread_blocked, id=21320, stack(0x00000032f4800000,0x00000032f4900000) (1024K)]
  0x000001ad160dd7a0 JavaThread "Service Thread"             daemon [_thread_blocked, id=18580, stack(0x00000032f4900000,0x00000032f4a00000) (1024K)]
  0x000001ad160de2d0 JavaThread "Monitor Deflation Thread"   daemon [_thread_blocked, id=20188, stack(0x00000032f4a00000,0x00000032f4b00000) (1024K)]
  0x000001ad160e0e10 JavaThread "C1 CompilerThread0"         daemon [_thread_blocked, id=21008, stack(0x00000032f4b00000,0x00000032f4c00000) (1024K)]
  0x000001ad161f22f0 JavaThread "Common-Cleaner"             daemon [_thread_blocked, id=19184, stack(0x00000032f4d00000,0x00000032f4e00000) (1024K)]
  0x000001ad1654e3b0 JavaThread "Notification Thread"        daemon [_thread_blocked, id=19016, stack(0x00000032f5000000,0x00000032f5100000) (1024K)]
  0x000001ad16bb4ee0 JavaThread "RMI TCP Accept-0"           daemon [_thread_in_native, id=14948, stack(0x00000032f5100000,0x00000032f5200000) (1024K)]
  0x000001ad16aaa220 JavaThread "PostgreSQL-JDBC-Cleaner"    daemon [_thread_blocked, id=4140, stack(0x00000032f5b00000,0x00000032f5c00000) (1024K)]
  0x000001ad16aabf60 JavaThread "Live Reload Server"         daemon [_thread_in_native, id=11464, stack(0x00000032f6000000,0x00000032f6100000) (1024K)]
  0x000001ad5d942910 JavaThread "DestroyJavaVM"                     [_thread_blocked, id=344, stack(0x00000032f3d00000,0x00000032f3e00000) (1024K)]
  0x000001ad16aac6b0 JavaThread "Catalina-utility-1"                [_thread_blocked, id=12740, stack(0x00000032f3c00000,0x00000032f3d00000) (1024K)]
  0x000001ad16aa9380 JavaThread "Catalina-utility-2"                [_thread_blocked, id=22432, stack(0x00000032f4e00000,0x00000032f4f00000) (1024K)]
  0x000001ad5d9421c0 JavaThread "Thread-23"                         [_thread_blocked, id=19148, stack(0x00000032f3a00000,0x00000032f3b00000) (1024K)]
Total: 16

Other Threads:
  0x000001ad160bc670 VMThread "VM Thread"                           [id=15040, stack(0x00000032f4400000,0x00000032f4500000) (1024K)]
  0x000001ad15f85de0 WatcherThread "VM Periodic Task Thread"        [id=3440, stack(0x00000032f4300000,0x00000032f4400000) (1024K)]
=>0x000001ad05c266b0 WorkerThread "GC Thread#0"                     [id=21940, stack(0x00000032f3e00000,0x00000032f3f00000) (1024K)]
  0x000001ad16d1dd10 WorkerThread "GC Thread#1"                     [id=16144, stack(0x00000032f5200000,0x00000032f5300000) (1024K)]
  0x000001ad16d1e0c0 WorkerThread "GC Thread#2"                     [id=20588, stack(0x00000032f5300000,0x00000032f5400000) (1024K)]
  0x000001ad5c362070 WorkerThread "GC Thread#3"                     [id=17200, stack(0x00000032f5400000,0x00000032f5500000) (1024K)]
  0x000001ad05c3b160 ConcurrentGCThread "G1 Main Marker"            [id=21688, stack(0x00000032f3f00000,0x00000032f4000000) (1024K)]
  0x000001ad05c3d280 WorkerThread "G1 Conc#0"                       [id=10396, stack(0x00000032f4000000,0x00000032f4100000) (1024K)]
  0x000001ad15f74180 ConcurrentGCThread "G1 Refine#0"               [id=3508, stack(0x00000032f4100000,0x00000032f4200000) (1024K)]
  0x000001ad15f749b0 ConcurrentGCThread "G1 Service"                [id=2100, stack(0x00000032f4200000,0x00000032f4300000) (1024K)]
Total: 10

Threads with active compile tasks:
Total: 0

VM state: at safepoint (normal execution)

VM Mutex/Monitor currently owned by a thread:  ([mutex/lock_event])
[0x00007ffea4e244b0] Threads_lock - owner thread: 0x000001ad160bc670
[0x00007ffea4e245b0] Heap_lock - owner thread: 0x000001ad5d9421c0

Heap address: 0x0000000081e00000, size: 2018 MB, Compressed Oops mode: 32-bit

CDS archive(s) mapped at: [0x000001ad17000000-0x000001ad17d40000-0x000001ad17d40000), size 13893632, SharedBaseAddress: 0x000001ad17000000, ArchiveRelocationMode: 1.
Compressed class space mapped at: 0x000001ad18000000-0x000001ad58000000, reserved size: 1073741824
UseCompressedClassPointers 1, UseCompactObjectHeaders 0
Narrow klass pointer bits 32, Max shift 3
Narrow klass base: 0x000001ad17000000, Narrow klass shift: 0
Encoding Range: [0x000001ad17000000 - 0x000001ae17000000), (4294967296 bytes)
Klass Range:    [0x000001ad17000000 - 0x000001ad58000000), (1090519040 bytes)
Klass ID Range:  [8 - 1090519033) (1090519025)

GC Precious Log:
 CardTable entry size: 512
 Card Set container configuration: InlinePtr #cards 5 size 8 Array Of Cards #cards 10 size 36 Howl #buckets 4 coarsen threshold 1843 Howl Bitmap #cards 512 size 80 coarsen threshold 460 Card regions per heap region 1 cards per card region 2048
 CPUs: 4 total, 4 available
 Memory: 8070M
 Large Page Support: Disabled
 NUMA Support: Disabled
 Compressed Oops: Enabled (32-bit)
 Heap Region Size: 1M
 Heap Min Capacity: 8M
 Heap Initial Capacity: 128M
 Heap Max Capacity: 2018M
 Pre-touch: Disabled
 Parallel Workers: 4
 Concurrent Workers: 1
 Concurrent Refinement Workers: 4
 Periodic GC: Disabled

Heap:
 garbage-first heap   total reserved 2066432K, committed 66560K, used 49391K [0x0000000081e00000, 0x0000000100000000)
  region size 1024K, 20 young (20480K), 3 survivors (3072K)
 Metaspace       used 68840K, committed 69440K, reserved 1114112K
  class space    used 7774K, committed 8000K, reserved 1048576K

Heap Regions: E=young(eden), S=young(survivor), O=old, HS=humongous(starts), HC=humongous(continues), CS=collection set, F=free, TAMS=top-at-mark-start, PB=parsable bottom
|   0|0x0000000081e00000, 0x0000000081f00000, 0x0000000081f00000|100%|HS|  |TAMS 0x0000000081e00000| PB 0x0000000081f00000| Untracked |  0
|   1|0x0000000081f00000, 0x0000000082000000, 0x0000000082000000|100%|HS|  |TAMS 0x0000000081f00000| PB 0x0000000082000000| Untracked |  0
|   2|0x0000000082000000, 0x0000000082100000, 0x0000000082100000|100%| O|  |TAMS 0x0000000082000000| PB 0x0000000082100000| Untracked |  0
|   3|0x0000000082100000, 0x00000000821ffff0, 0x0000000082200000| 99%| O|  |TAMS 0x0000000082100000| PB 0x00000000821ffff0| Untracked |  0
|   4|0x0000000082200000, 0x00000000822ffff8, 0x0000000082300000| 99%| O|  |TAMS 0x0000000082200000| PB 0x00000000822ffff8| Untracked |  0
|   5|0x0000000082300000, 0x0000000082400000, 0x0000000082400000|100%| O|  |TAMS 0x0000000082300000| PB 0x0000000082400000| Untracked |  0
|   6|0x0000000082400000, 0x00000000824fffe8, 0x0000000082500000| 99%| O|  |TAMS 0x0000000082400000| PB 0x00000000824fffe8| Untracked |  0
|   7|0x0000000082500000, 0x0000000082600000, 0x0000000082600000|100%| O|  |TAMS 0x0000000082500000| PB 0x0000000082600000| Untracked |  0
|   8|0x0000000082600000, 0x00000000826ffff8, 0x0000000082700000| 99%| O|  |TAMS 0x0000000082600000| PB 0x00000000826ffff8| Untracked |  0
|   9|0x0000000082700000, 0x00000000827fffe0, 0x0000000082800000| 99%| O|  |TAMS 0x0000000082700000| PB 0x00000000827fffe0| Untracked |  0
|  10|0x0000000082800000, 0x0000000082900000, 0x0000000082900000|100%| O|  |TAMS 0x0000000082800000| PB 0x0000000082900000| Untracked |  0
|  11|0x0000000082900000, 0x00000000829ffff8, 0x0000000082a00000| 99%| O|  |TAMS 0x0000000082900000| PB 0x00000000829ffff8| Untracked |  0
|  12|0x0000000082a00000, 0x0000000082affd08, 0x0000000082b00000| 99%| O|  |TAMS 0x0000000082a00000| PB 0x0000000082affd08| Untracked |  0
|  13|0x0000000082b00000, 0x0000000082c00000, 0x0000000082c00000|100%| O|  |TAMS 0x0000000082b00000| PB 0x0000000082c00000| Untracked |  0
|  14|0x0000000082c00000, 0x0000000082cfffb8, 0x0000000082d00000| 99%| O|  |TAMS 0x0000000082c00000| PB 0x0000000082cfffb8| Untracked |  0
|  15|0x0000000082d00000, 0x0000000082dfffe8, 0x0000000082e00000| 99%| O|  |TAMS 0x0000000082d00000| PB 0x0000000082dfffe8| Untracked |  0
|  16|0x0000000082e00000, 0x0000000082effff0, 0x0000000082f00000| 99%| O|  |TAMS 0x0000000082e00000| PB 0x0000000082effff0| Untracked |  0
|  17|0x0000000082f00000, 0x0000000082ffffd8, 0x0000000083000000| 99%| O|  |TAMS 0x0000000082f00000| PB 0x0000000082ffffd8| Untracked |  0
|  18|0x0000000083000000, 0x00000000830ffff0, 0x0000000083100000| 99%| O|  |TAMS 0x0000000083000000| PB 0x00000000830ffff0| Untracked |  0
|  19|0x0000000083100000, 0x0000000083200000, 0x0000000083200000|100%| O|  |TAMS 0x0000000083100000| PB 0x0000000083200000| Untracked |  0
|  20|0x0000000083200000, 0x00000000832fffe0, 0x0000000083300000| 99%| O|  |TAMS 0x0000000083200000| PB 0x00000000832fffe0| Untracked |  0
|  21|0x0000000083300000, 0x00000000833f8780, 0x0000000083400000| 97%| O|  |TAMS 0x0000000083300000| PB 0x00000000833f8780| Untracked |  0
|  22|0x0000000083400000, 0x00000000834fffc0, 0x0000000083500000| 99%| O|  |TAMS 0x0000000083400000| PB 0x00000000834fffc0| Untracked |  0
|  23|0x0000000083500000, 0x00000000835ffd38, 0x0000000083600000| 99%| O|  |TAMS 0x0000000083500000| PB 0x00000000835ffd38| Untracked |  0
|  24|0x0000000083600000, 0x00000000836fc1b0, 0x0000000083700000| 98%| O|  |TAMS 0x0000000083600000| PB 0x00000000836fc1b0| Untracked |  0
|  25|0x0000000083700000, 0x00000000837c5278, 0x0000000083800000| 77%| O|  |TAMS 0x0000000083700000| PB 0x00000000837c5278| Untracked |  0
|  26|0x0000000083800000, 0x0000000083900000, 0x0000000083900000|100%| O|  |TAMS 0x0000000083800000| PB 0x0000000083900000| Untracked |  0
|  27|0x0000000083900000, 0x0000000083a00000, 0x0000000083a00000|100%| O|  |TAMS 0x0000000083900000| PB 0x0000000083a00000| Untracked |  0
|  28|0x0000000083a00000, 0x0000000083b00000, 0x0000000083b00000|100%| O|  |TAMS 0x0000000083a00000| PB 0x0000000083b00000| Untracked |  0
|  29|0x0000000083b00000, 0x0000000083b00000, 0x0000000083c00000|  0%| F|  |TAMS 0x0000000083b00000| PB 0x0000000083b00000| Untracked |  0
|  30|0x0000000083c00000, 0x0000000083c00000, 0x0000000083d00000|  0%| F|  |TAMS 0x0000000083c00000| PB 0x0000000083c00000| Untracked |  0
|  31|0x0000000083d00000, 0x0000000083d00000, 0x0000000083e00000|  0%| F|  |TAMS 0x0000000083d00000| PB 0x0000000083d00000| Untracked |  0
|  32|0x0000000083e00000, 0x0000000083e00000, 0x0000000083f00000|  0%| F|  |TAMS 0x0000000083e00000| PB 0x0000000083e00000| Untracked |  0
|  33|0x0000000083f00000, 0x0000000083f00000, 0x0000000084000000|  0%| F|  |TAMS 0x0000000083f00000| PB 0x0000000083f00000| Untracked |  0
|  34|0x0000000084000000, 0x0000000084000000, 0x0000000084100000|  0%| F|  |TAMS 0x0000000084000000| PB 0x0000000084000000| Untracked |  0
|  35|0x0000000084100000, 0x00000000841bd5d8, 0x0000000084200000| 73%| S|  |TAMS 0x0000000084100000| PB 0x00000000841bd5d8| Complete |  0
|  36|0x0000000084200000, 0x0000000084300000, 0x0000000084300000|100%| S|  |TAMS 0x0000000084200000| PB 0x0000000084300000| Complete |  0
|  37|0x0000000084300000, 0x0000000084400000, 0x0000000084400000|100%| S|  |TAMS 0x0000000084300000| PB 0x0000000084400000| Complete |  0
|  38|0x0000000084400000, 0x0000000084400000, 0x0000000084500000|  0%| F|  |TAMS 0x0000000084400000| PB 0x0000000084400000| Untracked |  0
|  39|0x0000000084500000, 0x0000000084500000, 0x0000000084600000|  0%| F|  |TAMS 0x0000000084500000| PB 0x0000000084500000| Untracked |  0
|  40|0x0000000084600000, 0x0000000084600000, 0x0000000084700000|  0%| F|  |TAMS 0x0000000084600000| PB 0x0000000084600000| Untracked |  0
|  41|0x0000000084700000, 0x0000000084700000, 0x0000000084800000|  0%| F|  |TAMS 0x0000000084700000| PB 0x0000000084700000| Untracked |  0
|  42|0x0000000084800000, 0x0000000084800000, 0x0000000084900000|  0%| F|  |TAMS 0x0000000084800000| PB 0x0000000084800000| Untracked |  0
|  43|0x0000000084900000, 0x0000000084900000, 0x0000000084a00000|  0%| F|  |TAMS 0x0000000084900000| PB 0x0000000084900000| Untracked |  0
|  44|0x0000000084a00000, 0x0000000084a00000, 0x0000000084b00000|  0%| F|  |TAMS 0x0000000084a00000| PB 0x0000000084a00000| Untracked |  0
|  45|0x0000000084b00000, 0x0000000084b00000, 0x0000000084c00000|  0%| F|  |TAMS 0x0000000084b00000| PB 0x0000000084b00000| Untracked |  0
|  46|0x0000000084c00000, 0x0000000084c00000, 0x0000000084d00000|  0%| F|  |TAMS 0x0000000084c00000| PB 0x0000000084c00000| Untracked |  0
|  47|0x0000000084d00000, 0x0000000084d00000, 0x0000000084e00000|  0%| F|  |TAMS 0x0000000084d00000| PB 0x0000000084d00000| Untracked |  0
|  48|0x0000000084e00000, 0x0000000084ec53f0, 0x0000000084f00000| 77%| E|  |TAMS 0x0000000084e00000| PB 0x0000000084ec53f0| Complete |  0
|  49|0x0000000084f00000, 0x0000000085000000, 0x0000000085000000|100%| E|  |TAMS 0x0000000084f00000| PB 0x0000000085000000| Complete |  0
|  50|0x0000000085000000, 0x0000000085100000, 0x0000000085100000|100%| E|  |TAMS 0x0000000085000000| PB 0x0000000085100000| Complete |  0
|  51|0x0000000085100000, 0x0000000085200000, 0x0000000085200000|100%| E|  |TAMS 0x0000000085100000| PB 0x0000000085200000| Complete |  0
|  52|0x0000000085200000, 0x0000000085300000, 0x0000000085300000|100%| E|  |TAMS 0x0000000085200000| PB 0x0000000085300000| Complete |  0
|  53|0x0000000085300000, 0x0000000085400000, 0x0000000085400000|100%| E|  |TAMS 0x0000000085300000| PB 0x0000000085400000| Complete |  0
|  54|0x0000000085400000, 0x0000000085500000, 0x0000000085500000|100%| E|  |TAMS 0x0000000085400000| PB 0x0000000085500000| Complete |  0
|  55|0x0000000085500000, 0x0000000085600000, 0x0000000085600000|100%| E|  |TAMS 0x0000000085500000| PB 0x0000000085600000| Complete |  0
| 116|0x0000000089200000, 0x0000000089300000, 0x0000000089300000|100%| E|  |TAMS 0x0000000089200000| PB 0x0000000089300000| Complete |  0
| 117|0x0000000089300000, 0x0000000089400000, 0x0000000089400000|100%| E|  |TAMS 0x0000000089300000| PB 0x0000000089400000| Complete |  0
| 118|0x0000000089400000, 0x0000000089500000, 0x0000000089500000|100%| E|  |TAMS 0x0000000089400000| PB 0x0000000089500000| Complete |  0
| 119|0x0000000089500000, 0x0000000089600000, 0x0000000089600000|100%| E|  |TAMS 0x0000000089500000| PB 0x0000000089600000| Complete |  0
| 120|0x0000000089600000, 0x0000000089700000, 0x0000000089700000|100%| E|  |TAMS 0x0000000089600000| PB 0x0000000089700000| Complete |  0
| 126|0x0000000089c00000, 0x0000000089d00000, 0x0000000089d00000|100%| E|  |TAMS 0x0000000089c00000| PB 0x0000000089d00000| Complete |  0
| 127|0x0000000089d00000, 0x0000000089e00000, 0x0000000089e00000|100%| E|  |TAMS 0x0000000089d00000| PB 0x0000000089e00000| Complete |  0
|2016|0x00000000ffe00000, 0x00000000fff00000, 0x00000000fff00000|100%| E|  |TAMS 0x00000000ffe00000| PB 0x00000000fff00000| Complete |  0
|2017|0x00000000fff00000, 0x0000000100000000, 0x0000000100000000|100%| E|  |TAMS 0x00000000fff00000| PB 0x0000000100000000| Complete |  0

Card table byte_map: [0x000001ad11860000,0x000001ad11c60000] _byte_map_base: 0x000001ad11451000

Marking Bits: (CMBitMap*) 0x000001ad05c26cd0
 Bits: [0x000001ad11c60000, 0x000001ad13be8000)

Polling page: 0x000001ad03a00000

Metaspace:

Usage:
  Non-class:     59.63 MB used.
      Class:      7.59 MB used.
       Both:     67.23 MB used.

Virtual space:
  Non-class space:       64.00 MB reserved,      60.00 MB ( 94%) committed,  1 nodes.
      Class space:        1.00 GB reserved,       7.81 MB ( <1%) committed,  1 nodes.
             Both:        1.06 GB reserved,      67.81 MB (  6%) committed. 

Chunk freelists:
   Non-Class:  3.23 MB
       Class:  8.08 MB
        Both:  11.31 MB

MaxMetaspaceSize: unlimited
CompressedClassSpaceSize: 1.00 GB
Initial GC threshold: 21.00 MB
Current GC threshold: 109.00 MB
CDS: on
 - commit_granule_bytes: 65536.
 - commit_granule_words: 8192.
 - virtual_space_node_default_size: 8388608.
 - enlarge_chunks_in_place: 1.
UseCompressedClassPointers 1, UseCompactObjectHeaders 0
Narrow klass pointer bits 32, Max shift 3
Narrow klass base: 0x000001ad17000000, Narrow klass shift: 0
Encoding Range: [0x000001ad17000000 - 0x000001ae17000000), (4294967296 bytes)
Klass Range:    [0x000001ad17000000 - 0x000001ad58000000), (1090519040 bytes)
Klass ID Range:  [8 - 1090519033) (1090519025)


Internal statistics:

num_allocs_failed_limit: 9.
num_arena_births: 826.
num_arena_deaths: 188.
num_vsnodes_births: 2.
num_vsnodes_deaths: 0.
num_space_committed: 1085.
num_space_uncommitted: 0.
num_chunks_returned_to_freelist: 206.
num_chunks_taken_from_freelist: 3220.
num_chunk_merges: 52.
num_chunk_splits: 2274.
num_chunks_enlarged: 1846.
num_inconsistent_stats: 0.

CodeCache: size=49152Kb used=11195Kb max_used=12266Kb free=37956Kb
 bounds [0x000001ad0e460000, 0x000001ad0f0f0000, 0x000001ad11460000]
 total_blobs=8365, nmethods=7638, adapters=653, full_count=0
Compilation: enabled, stopped_count=0, restarted_count=0

Compilation events (20 events):
Event: 780.771 Thread 0x000001ad160e0e10 9739       1       com.sun.jmx.mbeanserver.WeakIdentityHashMap$IdentityWeakReference::hashCode (5 bytes)
Event: 780.771 Thread 0x000001ad160e0e10 nmethod 9739 0x000001ad0e861d08 code [0x000001ad0e861e00, 0x000001ad0e861ec8]
Event: 780.773 Thread 0x000001ad160e0e10 9740   !   1       org.hibernate.internal.util.collections.BoundedConcurrentHashMap$Segment::clear (60 bytes)
Event: 780.774 Thread 0x000001ad160e0e10 nmethod 9740 0x000001ad0e861488 code [0x000001ad0e861620, 0x000001ad0e8619f8]
Event: 780.774 Thread 0x000001ad160e0e10 9741       1       com.zaxxer.hikari.pool.PoolEntry::compareAndSet (10 bytes)
Event: 780.775 Thread 0x000001ad160e0e10 nmethod 9741 0x000001ad0e9d0908 code [0x000001ad0e9d0a20, 0x000001ad0e9d0ba8]
Event: 780.775 Thread 0x000001ad160e0e10 9742       1       com.zaxxer.hikari.HikariConfig::getMaximumPoolSize (5 bytes)
Event: 780.775 Thread 0x000001ad160e0e10 nmethod 9742 0x000001ad0e9d0608 code [0x000001ad0e9d0700, 0x000001ad0e9d07c8]
Event: 781.016 Thread 0x000001ad160e0e10 9743       1       java.net.Socket$SocketInputStream::available (8 bytes)
Event: 781.017 Thread 0x000001ad160e0e10 nmethod 9743 0x000001ad0e9d0308 code [0x000001ad0e9d0420, 0x000001ad0e9d0518]
Event: 781.017 Thread 0x000001ad160e0e10 9744       1       sun.nio.ch.NioSocketImpl$1::available (8 bytes)
Event: 781.017 Thread 0x000001ad160e0e10 nmethod 9744 0x000001ad0e9d0008 code [0x000001ad0e9d0120, 0x000001ad0e9d0208]
Event: 781.017 Thread 0x000001ad160e0e10 9745   !   1       sun.nio.ch.NioSocketImpl::available (37 bytes)
Event: 781.018 Thread 0x000001ad160e0e10 nmethod 9745 0x000001ad0e9cfb88 code [0x000001ad0e9cfcc0, 0x000001ad0e9cfff0]
Event: 781.317 Thread 0x000001ad160e0e10 9746       1       java.net.Socket::getAndBitwiseOrState (9 bytes)
Event: 781.318 Thread 0x000001ad160e0e10 nmethod 9746 0x000001ad0e9cf788 code [0x000001ad0e9cf8c0, 0x000001ad0e9cfad8]
Event: 781.318 Thread 0x000001ad160e0e10 9747       1       java.lang.invoke.VarHandleInts$FieldInstanceReadWrite::getAndBitwiseOr (28 bytes)
Event: 781.319 Thread 0x000001ad160e0e10 nmethod 9747 0x000001ad0e9cf288 code [0x000001ad0e9cf3c0, 0x000001ad0e9cf6d0]
Event: 781.584 Thread 0x000001ad160e0e10 9748       1       org.apache.tomcat.util.collections.ManagedConcurrentWeakHashMap$Key::<init> (15 bytes)
Event: 781.584 Thread 0x000001ad160e0e10 nmethod 9748 0x000001ad0e9cef08 code [0x000001ad0e9cf020, 0x000001ad0e9cf1e8]

GC Heap History (20 events):
Event: 509.946 GC heap after
{Heap after GC invocations=21 (full 2):
 garbage-first heap   total reserved 2066432K, committed 66560K, used 32049K [0x0000000081e00000, 0x0000000100000000)
  region size 1024K, 3 young (3072K), 3 survivors (3072K)
 Metaspace       used 65922K, committed 66496K, reserved 1114112K
  class space    used 7480K, committed 7744K, reserved 1048576K
}
Event: 599.621 GC heap before
{Heap before GC invocations=21 (full 2):
 garbage-first heap   total reserved 2066432K, committed 66560K, used 42289K [0x0000000081e00000, 0x0000000100000000)
  region size 1024K, 14 young (14336K), 3 survivors (3072K)
 Metaspace       used 65929K, committed 66496K, reserved 1114112K
  class space    used 7482K, committed 7744K, reserved 1048576K
}
Event: 599.703 GC heap after
{Heap after GC invocations=22 (full 3):
 garbage-first heap   total reserved 2066432K, committed 66560K, used 26165K [0x0000000081e00000, 0x0000000100000000)
  region size 1024K, 0 young (0K), 0 survivors (0K)
 Metaspace       used 65923K, committed 66496K, reserved 1114112K
  class space    used 7480K, committed 7744K, reserved 1048576K
}
Event: 602.010 GC heap before
{Heap before GC invocations=22 (full 3):
 garbage-first heap   total reserved 2066432K, committed 66560K, used 55861K [0x0000000081e00000, 0x0000000100000000)
  region size 1024K, 30 young (30720K), 0 survivors (0K)
 Metaspace       used 65955K, committed 66496K, reserved 1114112K
  class space    used 7485K, committed 7744K, reserved 1048576K
}
Event: 602.016 GC heap after
{Heap after GC invocations=23 (full 3):
 garbage-first heap   total reserved 2066432K, committed 66560K, used 29367K [0x0000000081e00000, 0x0000000100000000)
  region size 1024K, 4 young (4096K), 4 survivors (4096K)
 Metaspace       used 65955K, committed 66496K, reserved 1114112K
  class space    used 7485K, committed 7744K, reserved 1048576K
}
Event: 604.932 GC heap before
{Heap before GC invocations=23 (full 3):
 garbage-first heap   total reserved 2066432K, committed 66560K, used 54967K [0x0000000081e00000, 0x0000000100000000)
  region size 1024K, 30 young (30720K), 4 survivors (4096K)
 Metaspace       used 66136K, committed 66688K, reserved 1114112K
  class space    used 7500K, committed 7744K, reserved 1048576K
}
Event: 604.941 GC heap after
{Heap after GC invocations=24 (full 3):
 garbage-first heap   total reserved 2066432K, committed 66560K, used 32028K [0x0000000081e00000, 0x0000000100000000)
  region size 1024K, 3 young (3072K), 3 survivors (3072K)
 Metaspace       used 66136K, committed 66688K, reserved 1114112K
  class space    used 7500K, committed 7744K, reserved 1048576K
}
Event: 670.837 GC heap before
{Heap before GC invocations=24 (full 3):
 garbage-first heap   total reserved 2066432K, committed 66560K, used 40220K [0x0000000081e00000, 0x0000000100000000)
  region size 1024K, 12 young (12288K), 3 survivors (3072K)
 Metaspace       used 66138K, committed 66688K, reserved 1114112K
  class space    used 7501K, committed 7744K, reserved 1048576K
}
Event: 670.920 GC heap after
{Heap after GC invocations=25 (full 4):
 garbage-first heap   total reserved 2066432K, committed 66560K, used 26255K [0x0000000081e00000, 0x0000000100000000)
  region size 1024K, 0 young (0K), 0 survivors (0K)
 Metaspace       used 66136K, committed 66688K, reserved 1114112K
  class space    used 7500K, committed 7744K, reserved 1048576K
}
Event: 673.410 GC heap before
{Heap before GC invocations=25 (full 4):
 garbage-first heap   total reserved 2066432K, committed 66560K, used 56975K [0x0000000081e00000, 0x0000000100000000)
  region size 1024K, 30 young (30720K), 0 survivors (0K)
 Metaspace       used 66169K, committed 66688K, reserved 1114112K
  class space    used 7505K, committed 7744K, reserved 1048576K
}
Event: 673.418 GC heap after
{Heap after GC invocations=26 (full 4):
 garbage-first heap   total reserved 2066432K, committed 66560K, used 29711K [0x0000000081e00000, 0x0000000100000000)
  region size 1024K, 4 young (4096K), 4 survivors (4096K)
 Metaspace       used 66169K, committed 66688K, reserved 1114112K
  class space    used 7505K, committed 7744K, reserved 1048576K
}
Event: 676.008 GC heap before
{Heap before GC invocations=26 (full 4):
 garbage-first heap   total reserved 2066432K, committed 66560K, used 55311K [0x0000000081e00000, 0x0000000100000000)
  region size 1024K, 30 young (30720K), 4 survivors (4096K)
 Metaspace       used 66341K, committed 66880K, reserved 1114112K
  class space    used 7519K, committed 7808K, reserved 1048576K
}
Event: 676.017 GC heap after
{Heap after GC invocations=27 (full 4):
 garbage-first heap   total reserved 2066432K, committed 66560K, used 32115K [0x0000000081e00000, 0x0000000100000000)
  region size 1024K, 3 young (3072K), 3 survivors (3072K)
 Metaspace       used 66341K, committed 66880K, reserved 1114112K
  class space    used 7519K, committed 7808K, reserved 1048576K
}
Event: 702.437 GC heap before
{Heap before GC invocations=27 (full 4):
 garbage-first heap   total reserved 2066432K, committed 66560K, used 39283K [0x0000000081e00000, 0x0000000100000000)
  region size 1024K, 11 young (11264K), 3 survivors (3072K)
 Metaspace       used 66344K, committed 66944K, reserved 1114112K
  class space    used 7520K, committed 7808K, reserved 1048576K
}
Event: 702.520 GC heap after
{Heap after GC invocations=28 (full 5):
 garbage-first heap   total reserved 2066432K, committed 66560K, used 26341K [0x0000000081e00000, 0x0000000100000000)
  region size 1024K, 0 young (0K), 0 survivors (0K)
 Metaspace       used 66341K, committed 66944K, reserved 1114112K
  class space    used 7519K, committed 7808K, reserved 1048576K
}
Event: 705.248 GC heap before
{Heap before GC invocations=28 (full 5):
 garbage-first heap   total reserved 2066432K, committed 66560K, used 57061K [0x0000000081e00000, 0x0000000100000000)
  region size 1024K, 31 young (31744K), 0 survivors (0K)
 Metaspace       used 66376K, committed 66944K, reserved 1114112K
  class space    used 7525K, committed 7808K, reserved 1048576K
}
Event: 705.255 GC heap after
{Heap after GC invocations=29 (full 5):
 garbage-first heap   total reserved 2066432K, committed 66560K, used 29804K [0x0000000081e00000, 0x0000000100000000)
  region size 1024K, 4 young (4096K), 4 survivors (4096K)
 Metaspace       used 66376K, committed 66944K, reserved 1114112K
  class space    used 7525K, committed 7808K, reserved 1048576K
}
Event: 708.126 GC heap before
{Heap before GC invocations=29 (full 5):
 garbage-first heap   total reserved 2066432K, committed 66560K, used 56428K [0x0000000081e00000, 0x0000000100000000)
  region size 1024K, 31 young (31744K), 4 survivors (4096K)
 Metaspace       used 66560K, committed 67136K, reserved 1114112K
  class space    used 7541K, committed 7808K, reserved 1048576K
}
Event: 708.135 GC heap after
{Heap after GC invocations=30 (full 5):
 garbage-first heap   total reserved 2066432K, committed 66560K, used 32218K [0x0000000081e00000, 0x0000000100000000)
  region size 1024K, 3 young (3072K), 3 survivors (3072K)
 Metaspace       used 66560K, committed 67136K, reserved 1114112K
  class space    used 7541K, committed 7808K, reserved 1048576K
}
Event: 781.595 GC heap before
{Heap before GC invocations=30 (full 5):
 garbage-first heap   total reserved 2066432K, committed 66560K, used 47578K [0x0000000081e00000, 0x0000000100000000)
  region size 1024K, 20 young (20480K), 3 survivors (3072K)
 Metaspace       used 68840K, committed 69440K, reserved 1114112K
  class space    used 7774K, committed 8000K, reserved 1048576K
}

Dll operation events (13 events):
Event: 0.033 Loaded shared library C:\Users\isaia\.jdks\openjdk-24.0.1\bin\java.dll
Event: 0.544 Loaded shared library C:\Users\isaia\.jdks\openjdk-24.0.1\bin\zip.dll
Event: 0.559 Loaded shared library C:\Users\isaia\.jdks\openjdk-24.0.1\bin\instrument.dll
Event: 0.585 Loaded shared library C:\Users\isaia\.jdks\openjdk-24.0.1\bin\net.dll
Event: 0.600 Loaded shared library C:\Users\isaia\.jdks\openjdk-24.0.1\bin\nio.dll
Event: 0.613 Loaded shared library C:\Users\isaia\.jdks\openjdk-24.0.1\bin\zip.dll
Event: 0.809 Loaded shared library C:\Program Files\JetBrains\IntelliJ IDEA 2024.2.1\bin\breakgen64.dll
Event: 0.819 Loaded shared library C:\Users\isaia\.jdks\openjdk-24.0.1\bin\jimage.dll
Event: 0.842 Loaded shared library C:\Users\isaia\.jdks\openjdk-24.0.1\bin\extnet.dll
Event: 0.878 Loaded shared library C:\Users\isaia\.jdks\openjdk-24.0.1\bin\management.dll
Event: 0.901 Loaded shared library C:\Users\isaia\.jdks\openjdk-24.0.1\bin\management_ext.dll
Event: 4.551 Loaded shared library C:\Users\isaia\.jdks\openjdk-24.0.1\bin\sunmscapi.dll
Event: 7.566 Loaded shared library C:\Users\isaia\.jdks\openjdk-24.0.1\bin\verify.dll

Deoptimization events (4 events):
Event: 6.768 Thread 0x000001ad5cf2d110 DEOPT PACKING pc=0x000001ad0e8b99b1 sp=0x00000032f57fef20
Event: 6.768 Thread 0x000001ad5cf2d110 DEOPT UNPACKING pc=0x000001ad0e4b5783 sp=0x00000032f57fe378 mode 3
Event: 6.768 Thread 0x000001ad5cf2d850 DEOPT PACKING pc=0x000001ad0e94c516 sp=0x00000032f58ff330
Event: 6.768 Thread 0x000001ad5cf2d850 DEOPT UNPACKING pc=0x000001ad0e4b5783 sp=0x00000032f58fe7c8 mode 3

Classes loaded (20 events):
Event: 713.117 Loading class java/util/stream/ReferencePipeline$4
Event: 713.118 Loading class java/util/stream/ReferencePipeline$4 done
Event: 713.118 Loading class java/util/function/IntBinaryOperator
Event: 713.118 Loading class java/util/function/IntBinaryOperator done
Event: 713.121 Loading class java/util/stream/ReduceOps$7
Event: 713.122 Loading class java/util/stream/ReduceOps$7 done
Event: 713.123 Loading class java/util/stream/ReduceOps$6ReducingSink
Event: 713.123 Loading class java/util/stream/ReduceOps$6ReducingSink done
Event: 713.124 Loading class java/util/stream/ReferencePipeline$4$1
Event: 713.124 Loading class java/util/stream/ReferencePipeline$4$1 done
Event: 713.182 Loading class java/lang/Throwable$WrappedPrintWriter
Event: 713.183 Loading class java/lang/Throwable$PrintStreamOrWriter
Event: 713.183 Loading class java/lang/Throwable$PrintStreamOrWriter done
Event: 713.183 Loading class java/lang/Throwable$WrappedPrintWriter done
Event: 713.526 Loading class java/util/ArrayList$SubList$2
Event: 713.526 Loading class java/util/ArrayList$SubList$2 done
Event: 713.681 Loading class java/util/stream/LongStream
Event: 713.681 Loading class java/util/stream/LongStream done
Event: 713.682 Loading class java/util/stream/DoubleStream
Event: 713.682 Loading class java/util/stream/DoubleStream done

Classes unloaded (20 events):
Event: 504.453 Thread 0x000001ad160bc670 Unloading class 0x000001ad18134400 'java/lang/invoke/LambdaForm$MH+0x000001ad18134400'
Event: 504.453 Thread 0x000001ad160bc670 Unloading class 0x000001ad18134000 'java/lang/invoke/LambdaForm$MH+0x000001ad18134000'
Event: 504.453 Thread 0x000001ad160bc670 Unloading class 0x000001ad18119400 'java/lang/invoke/LambdaForm$MH+0x000001ad18119400'
Event: 504.453 Thread 0x000001ad160bc670 Unloading class 0x000001ad18118000 'java/lang/invoke/LambdaForm$DMH+0x000001ad18118000'
Event: 504.453 Thread 0x000001ad160bc670 Unloading class 0x000001ad180e8c00 'java/lang/invoke/LambdaForm$MH+0x000001ad180e8c00'
Event: 504.453 Thread 0x000001ad160bc670 Unloading class 0x000001ad180ccc00 'java/lang/invoke/LambdaForm$BMH+0x000001ad180ccc00'
Event: 504.453 Thread 0x000001ad160bc670 Unloading class 0x000001ad180c0400 'java/lang/invoke/LambdaForm$MH+0x000001ad180c0400'
Event: 504.453 Thread 0x000001ad160bc670 Unloading class 0x000001ad18009c00 'java/lang/invoke/LambdaForm$DMH+0x000001ad18009c00'
Event: 504.453 Thread 0x000001ad160bc670 Unloading class 0x000001ad18008800 'java/lang/invoke/LambdaForm$DMH+0x000001ad18008800'
Event: 504.453 Thread 0x000001ad160bc670 Unloading class 0x000001ad18007400 'java/lang/invoke/LambdaForm$DMH+0x000001ad18007400'
Event: 504.453 Thread 0x000001ad160bc670 Unloading class 0x000001ad18007000 'java/lang/invoke/LambdaForm$DMH+0x000001ad18007000'
Event: 504.453 Thread 0x000001ad160bc670 Unloading class 0x000001ad18002400 'java/lang/invoke/LambdaForm$MH+0x000001ad18002400'
Event: 504.453 Thread 0x000001ad160bc670 Unloading class 0x000001ad18002000 'java/lang/invoke/LambdaForm$MH+0x000001ad18002000'
Event: 504.453 Thread 0x000001ad160bc670 Unloading class 0x000001ad18001c00 'java/lang/invoke/LambdaForm$MH+0x000001ad18001c00'
Event: 504.453 Thread 0x000001ad160bc670 Unloading class 0x000001ad18001400 'java/lang/invoke/LambdaForm$MH+0x000001ad18001400'
Event: 599.651 Thread 0x000001ad160bc670 Unloading class 0x000001ad187a0c00 'java/lang/invoke/LambdaForm$BMH+0x000001ad187a0c00'
Event: 599.651 Thread 0x000001ad160bc670 Unloading class 0x000001ad18794800 'java/lang/invoke/LambdaForm$DMH+0x000001ad18794800'
Event: 599.651 Thread 0x000001ad160bc670 Unloading class 0x000001ad187a1800 'org/apache/catalina/loader/JdbcLeakPrevention'
Event: 670.867 Thread 0x000001ad160bc670 Unloading class 0x000001ad18638000 'org/apache/catalina/loader/JdbcLeakPrevention'
Event: 702.468 Thread 0x000001ad160bc670 Unloading class 0x000001ad183d8800 'org/apache/catalina/loader/JdbcLeakPrevention'

Classes redefined (0 events):
No events

Internal exceptions (20 events):
Event: 713.191 Thread 0x000001ad5d9437b0 Exception <a 'java/io/IOException'{0x00000000853018b8}> (0x00000000853018b8) 
thrown [s\open\src\hotspot\share\prims\jni.cpp, line 518]
Event: 713.195 Thread 0x000001ad5d9437b0 Exception <a 'java/io/IOException'{0x0000000085305168}> (0x0000000085305168) 
thrown [s\open\src\hotspot\share\prims\jni.cpp, line 518]
Event: 713.198 Thread 0x000001ad5d9437b0 Exception <a 'java/io/IOException'{0x0000000085308a58}> (0x0000000085308a58) 
thrown [s\open\src\hotspot\share\prims\jni.cpp, line 518]
Event: 713.206 Thread 0x000001ad5d9437b0 Exception <a 'java/io/IOException'{0x000000008530c518}> (0x000000008530c518) 
thrown [s\open\src\hotspot\share\prims\jni.cpp, line 518]
Event: 713.209 Thread 0x000001ad5d9437b0 Exception <a 'java/io/IOException'{0x000000008530ff68}> (0x000000008530ff68) 
thrown [s\open\src\hotspot\share\prims\jni.cpp, line 518]
Event: 713.521 Thread 0x000001ad5d940480 Exception <a 'java/lang/NoSuchMethodError'{0x0000000085200000}: 'java.lang.Object java.lang.invoke.DirectMethodHandle$Holder.invokeStatic(java.lang.Object, int, int)'> (0x0000000085200000) 
thrown [s\open\src\hotspot\share\interpreter\linkResolver.cpp, line 805]
Event: 713.541 Thread 0x000001ad5d940480 Exception <a 'java/io/IOException'{0x0000000085220e50}> (0x0000000085220e50) 
thrown [s\open\src\hotspot\share\prims\jni.cpp, line 518]
Event: 780.737 Thread 0x000001ad5d943060 Exception <a 'java/io/IOException'{0x0000000084e515c8}> (0x0000000084e515c8) 
thrown [s\open\src\hotspot\share\prims\jni.cpp, line 518]
Event: 780.737 Thread 0x000001ad5d943060 Exception <a 'java/io/IOException'{0x0000000084e51b90}> (0x0000000084e51b90) 
thrown [s\open\src\hotspot\share\prims\jni.cpp, line 518]
Event: 780.740 Thread 0x000001ad5d9421c0 Exception <a 'java/io/IOException'{0x0000000084e5ab28}> (0x0000000084e5ab28) 
thrown [s\open\src\hotspot\share\prims\jni.cpp, line 518]
Event: 780.741 Thread 0x000001ad5d9421c0 Exception <a 'java/io/IOException'{0x0000000084e5b0f0}> (0x0000000084e5b0f0) 
thrown [s\open\src\hotspot\share\prims\jni.cpp, line 518]
Event: 780.769 Thread 0x000001ad5d946390 Exception <a 'java/io/IOException'{0x0000000084e71be8}> (0x0000000084e71be8) 
thrown [s\open\src\hotspot\share\prims\jni.cpp, line 518]
Event: 780.769 Thread 0x000001ad5d946390 Exception <a 'java/io/IOException'{0x0000000084e71f00}> (0x0000000084e71f00) 
thrown [s\open\src\hotspot\share\prims\jni.cpp, line 518]
Event: 780.772 Thread 0x000001ad5d9421c0 Exception <a 'java/io/IOException'{0x0000000084e877b8}> (0x0000000084e877b8) 
thrown [s\open\src\hotspot\share\prims\jni.cpp, line 518]
Event: 780.772 Thread 0x000001ad5d9421c0 Exception <a 'java/io/IOException'{0x0000000084e87d80}> (0x0000000084e87d80) 
thrown [s\open\src\hotspot\share\prims\jni.cpp, line 518]
Event: 780.774 Thread 0x000001ad5d9421c0 Exception <a 'java/io/IOException'{0x0000000084e91b48}> (0x0000000084e91b48) 
thrown [s\open\src\hotspot\share\prims\jni.cpp, line 518]
Event: 780.774 Thread 0x000001ad5d9421c0 Exception <a 'java/io/IOException'{0x0000000084e92110}> (0x0000000084e92110) 
thrown [s\open\src\hotspot\share\prims\jni.cpp, line 518]
Event: 781.574 Thread 0x000001ad5d9421c0 Exception <a 'java/io/IOException'{0x0000000084e945b0}> (0x0000000084e945b0) 
thrown [s\open\src\hotspot\share\prims\jni.cpp, line 518]
Event: 781.574 Thread 0x000001ad5d9421c0 Exception <a 'java/io/IOException'{0x0000000084e94b78}> (0x0000000084e94b78) 
thrown [s\open\src\hotspot\share\prims\jni.cpp, line 518]
Event: 781.595 Thread 0x000001ad16aaa970 Exception <a 'java/lang/InterruptedException'{0x00000000850a01d8}: sleep interrupted> (0x00000000850a01d8) 
thrown [s\open\src\hotspot\share\prims\jvm.cpp, line 2955]

VM Operations (20 events):
Event: 705.255 Executing VM operation: G1CollectForAllocation (G1 Evacuation Pause) done
Event: 708.126 Executing VM operation: G1CollectForAllocation (G1 Evacuation Pause)
Event: 708.135 Executing VM operation: G1CollectForAllocation (G1 Evacuation Pause) done
Event: 713.032 Executing VM operation: HandshakeAllThreads (Deoptimize)
Event: 713.032 Executing VM operation: HandshakeAllThreads (Deoptimize) done
Event: 713.084 Executing VM operation: HandshakeAllThreads (Deoptimize)
Event: 713.085 Executing VM operation: HandshakeAllThreads (Deoptimize) done
Event: 713.164 Executing VM operation: HandshakeAllThreads (Deoptimize)
Event: 713.164 Executing VM operation: HandshakeAllThreads (Deoptimize) done
Event: 713.226 Executing VM operation: HandshakeAllThreads (Deoptimize)
Event: 713.226 Executing VM operation: HandshakeAllThreads (Deoptimize) done
Event: 713.236 Executing VM operation: HandshakeAllThreads (Deoptimize)
Event: 713.237 Executing VM operation: HandshakeAllThreads (Deoptimize) done
Event: 713.697 Executing VM operation: HandshakeAllThreads (Deoptimize)
Event: 713.697 Executing VM operation: HandshakeAllThreads (Deoptimize) done
Event: 721.882 Executing VM operation: HandshakeAllThreads (HandshakeForDeflation)
Event: 721.882 Executing VM operation: HandshakeAllThreads (HandshakeForDeflation) done
Event: 721.882 Executing VM operation: RendezvousGCThreads
Event: 721.882 Executing VM operation: RendezvousGCThreads done
Event: 781.595 Executing VM operation: G1CollectFull (System.gc())

Memory protections (0 events):
No events

Nmethod flushes (20 events):
Event: 702.484 Thread 0x000001ad160bc670 flushing  nmethod 0x000001ad0edc6408
Event: 702.484 Thread 0x000001ad160bc670 flushing  nmethod 0x000001ad0edc6708
Event: 702.484 Thread 0x000001ad160bc670 flushing  nmethod 0x000001ad0edc8e88
Event: 702.484 Thread 0x000001ad160bc670 flushing  nmethod 0x000001ad0edc9808
Event: 702.484 Thread 0x000001ad160bc670 flushing  nmethod 0x000001ad0edde388
Event: 702.484 Thread 0x000001ad160bc670 flushing  nmethod 0x000001ad0edde688
Event: 702.484 Thread 0x000001ad160bc670 flushing  nmethod 0x000001ad0eddf008
Event: 702.484 Thread 0x000001ad160bc670 flushing  nmethod 0x000001ad0eded908
Event: 702.484 Thread 0x000001ad160bc670 flushing  nmethod 0x000001ad0ee4ee88
Event: 702.484 Thread 0x000001ad160bc670 flushing  nmethod 0x000001ad0ee50308
Event: 702.484 Thread 0x000001ad160bc670 flushing  nmethod 0x000001ad0ee52b88
Event: 702.484 Thread 0x000001ad160bc670 flushing  nmethod 0x000001ad0ee60388
Event: 702.484 Thread 0x000001ad160bc670 flushing  nmethod 0x000001ad0ee60688
Event: 702.484 Thread 0x000001ad160bc670 flushing  nmethod 0x000001ad0ee72f08
Event: 702.484 Thread 0x000001ad160bc670 flushing  nmethod 0x000001ad0ee73508
Event: 702.484 Thread 0x000001ad160bc670 flushing  nmethod 0x000001ad0ee75388
Event: 702.484 Thread 0x000001ad160bc670 flushing  nmethod 0x000001ad0ee75688
Event: 702.484 Thread 0x000001ad160bc670 flushing  nmethod 0x000001ad0ee7de08
Event: 702.484 Thread 0x000001ad160bc670 flushing  nmethod 0x000001ad0ee7fc08
Event: 702.484 Thread 0x000001ad160bc670 flushing  nmethod 0x000001ad0ee93b08

Events (20 events):
Event: 780.737 Thread 0x000001ad5d943060 Thread added: 0x000001ad5d9421c0
Event: 780.737 Thread 0x000001ad5d943060 Thread exited: 0x000001ad5d943060
Event: 780.741 Thread 0x000001ad5d9421c0 Thread added: 0x000001ad5d946390
Event: 780.768 Thread 0x000001ad5d947980 Thread exited: 0x000001ad5d947980
Event: 780.769 Thread 0x000001ad5d946390 Thread exited: 0x000001ad5d946390
Event: 780.769 Thread 0x000001ad5d947230 Thread exited: 0x000001ad5d947230
Event: 780.770 Thread 0x000001ad5d9437b0 Thread exited: 0x000001ad5d9437b0
Event: 780.770 Thread 0x000001ad5d9454f0 Thread exited: 0x000001ad5d9454f0
Event: 780.770 Thread 0x000001ad5d944650 Thread exited: 0x000001ad5d944650
Event: 780.770 Thread 0x000001ad5d940480 Thread exited: 0x000001ad5d940480
Event: 780.770 Thread 0x000001ad5d946ae0 Thread exited: 0x000001ad5d946ae0
Event: 780.770 Thread 0x000001ad5d945c40 Thread exited: 0x000001ad5d945c40
Event: 780.770 Thread 0x000001ad5d940bd0 Thread exited: 0x000001ad5d940bd0
Event: 780.770 Thread 0x000001ad5d941320 Thread exited: 0x000001ad5d941320
Event: 780.770 Thread 0x000001ad5d944da0 Thread exited: 0x000001ad5d944da0
Event: 780.770 Thread 0x000001ad5d943f00 Thread exited: 0x000001ad5d943f00
Event: 780.774 Thread 0x000001ad5d9421c0 Thread added: 0x000001ad5d943060
Event: 780.775 Thread 0x000001ad16aab0c0 Thread exited: 0x000001ad16aab0c0
Event: 781.571 Thread 0x000001ad5d943060 Thread exited: 0x000001ad5d943060
Event: 781.595 Thread 0x000001ad16aaa970 Thread exited: 0x000001ad16aaa970


Dynamic libraries:
0x00007ff78d320000 - 0x00007ff78d32e000 	C:\Users\isaia\.jdks\openjdk-24.0.1\bin\java.exe
0x00007fff17da0000 - 0x00007fff18007000 	C:\WINDOWS\SYSTEM32\ntdll.dll
0x00007fff15cc0000 - 0x00007fff15d89000 	C:\WINDOWS\System32\KERNEL32.DLL
0x00007fff15640000 - 0x00007fff15a30000 	C:\WINDOWS\System32\KERNELBASE.dll
0x00007fff150b0000 - 0x00007fff151fb000 	C:\WINDOWS\System32\ucrtbase.dll
0x00007fff09340000 - 0x00007fff0935b000 	C:\Users\isaia\.jdks\openjdk-24.0.1\bin\VCRUNTIME140.dll
0x00007ffef06a0000 - 0x00007ffef06b6000 	C:\Users\isaia\.jdks\openjdk-24.0.1\bin\jli.dll
0x00007fff175f0000 - 0x00007fff177b5000 	C:\WINDOWS\System32\USER32.dll
0x00007fff142d0000 - 0x00007fff1456a000 	C:\WINDOWS\WinSxS\amd64_microsoft.windows.common-controls_6595b64144ccf1df_6.0.26100.4768_none_3e0c112ce331287c\COMCTL32.dll
0x00007fff15b00000 - 0x00007fff15b27000 	C:\WINDOWS\System32\win32u.dll
0x00007fff15d90000 - 0x00007fff15e39000 	C:\WINDOWS\System32\msvcrt.dll
0x00007fff15f30000 - 0x00007fff15f5b000 	C:\WINDOWS\System32\GDI32.dll
0x00007fff15200000 - 0x00007fff15338000 	C:\WINDOWS\System32\gdi32full.dll
0x00007fff14f60000 - 0x00007fff15003000 	C:\WINDOWS\System32\msvcp_win.dll
0x00007fff17c60000 - 0x00007fff17c8f000 	C:\WINDOWS\System32\IMM32.DLL
0x00007fff09330000 - 0x00007fff0933c000 	C:\Users\isaia\.jdks\openjdk-24.0.1\bin\vcruntime140_1.dll
0x00007ffed22b0000 - 0x00007ffed233e000 	C:\Users\isaia\.jdks\openjdk-24.0.1\bin\msvcp140.dll
0x00007ffea4160000 - 0x00007ffea4f02000 	C:\Users\isaia\.jdks\openjdk-24.0.1\bin\server\jvm.dll
0x00007fff17940000 - 0x00007fff179f4000 	C:\WINDOWS\System32\ADVAPI32.dll
0x00007fff17cb0000 - 0x00007fff17d56000 	C:\WINDOWS\System32\sechost.dll
0x00007fff16160000 - 0x00007fff16278000 	C:\WINDOWS\System32\RPCRT4.dll
0x00007fff15eb0000 - 0x00007fff15f24000 	C:\WINDOWS\System32\WS2_32.dll
0x00007fff14d30000 - 0x00007fff14d8e000 	C:\WINDOWS\SYSTEM32\POWRPROF.dll
0x00007ffefa000000 - 0x00007ffefa035000 	C:\WINDOWS\SYSTEM32\WINMM.dll
0x00007fff07610000 - 0x00007fff0761b000 	C:\WINDOWS\SYSTEM32\VERSION.dll
0x00007fff14d10000 - 0x00007fff14d24000 	C:\WINDOWS\SYSTEM32\UMPDC.dll
0x00007fff13310000 - 0x00007fff1332b000 	C:\WINDOWS\SYSTEM32\kernel.appcore.dll
0x00007ffef5070000 - 0x00007ffef507a000 	C:\Users\isaia\.jdks\openjdk-24.0.1\bin\jimage.dll
0x00007fff145c0000 - 0x00007fff14801000 	C:\WINDOWS\SYSTEM32\DBGHELP.DLL
0x00007fff16710000 - 0x00007fff16a95000 	C:\WINDOWS\System32\combase.dll
0x00007fff17b70000 - 0x00007fff17c50000 	C:\WINDOWS\System32\OLEAUT32.dll
0x00007fff14570000 - 0x00007fff145b3000 	C:\WINDOWS\SYSTEM32\dbgcore.DLL
0x00007fff15010000 - 0x00007fff150a9000 	C:\WINDOWS\System32\bcryptPrimitives.dll
0x00007ffef5020000 - 0x00007ffef502f000 	C:\Users\isaia\.jdks\openjdk-24.0.1\bin\instrument.dll
0x00007ffeefb40000 - 0x00007ffeefb5e000 	C:\Users\isaia\.jdks\openjdk-24.0.1\bin\java.dll
0x00007fff16aa0000 - 0x00007fff16c40000 	C:\WINDOWS\System32\ole32.dll
0x00007fff16df0000 - 0x00007fff1753d000 	C:\WINDOWS\System32\SHELL32.dll
0x00007fff154c0000 - 0x00007fff15633000 	C:\WINDOWS\System32\wintypes.dll
0x00007fff12010000 - 0x00007fff1286f000 	C:\WINDOWS\SYSTEM32\windows.storage.dll
0x00007fff15bb0000 - 0x00007fff15ca5000 	C:\WINDOWS\System32\SHCORE.dll
0x00007fff16c80000 - 0x00007fff16cea000 	C:\WINDOWS\System32\shlwapi.dll
0x00007fff14df0000 - 0x00007fff14e19000 	C:\WINDOWS\SYSTEM32\profapi.dll
0x00007ffed92c0000 - 0x00007ffed92d7000 	C:\Users\isaia\.jdks\openjdk-24.0.1\bin\zip.dll
0x00007ffef4ff0000 - 0x00007ffef5000000 	C:\Users\isaia\.jdks\openjdk-24.0.1\bin\net.dll
0x00007fff138d0000 - 0x00007fff1393b000 	C:\WINDOWS\system32\mswsock.dll
0x00007ffed9040000 - 0x00007ffed9056000 	C:\Users\isaia\.jdks\openjdk-24.0.1\bin\nio.dll
0x00007ffef4f30000 - 0x00007ffef4f4a000 	C:\Program Files\JetBrains\IntelliJ IDEA 2024.2.1\bin\breakgen64.dll
0x00007fff12e00000 - 0x00007fff12f26000 	C:\WINDOWS\SYSTEM32\DNSAPI.dll
0x00007fff12d60000 - 0x00007fff12d93000 	C:\WINDOWS\SYSTEM32\IPHLPAPI.DLL
0x00007fff17ca0000 - 0x00007fff17caa000 	C:\WINDOWS\System32\NSI.dll
0x00007ffef4b20000 - 0x00007ffef4b29000 	C:\Users\isaia\.jdks\openjdk-24.0.1\bin\extnet.dll
0x00007fff04330000 - 0x00007fff0433b000 	C:\Windows\System32\rasadhlp.dll
0x00007fff06f90000 - 0x00007fff07016000 	C:\WINDOWS\System32\fwpuclnt.dll
0x00007ffeee9e0000 - 0x00007ffeee9ea000 	C:\Users\isaia\.jdks\openjdk-24.0.1\bin\management.dll
0x00007ffee7500000 - 0x00007ffee750b000 	C:\Users\isaia\.jdks\openjdk-24.0.1\bin\management_ext.dll
0x00007fff15cb0000 - 0x00007fff15cb8000 	C:\WINDOWS\System32\PSAPI.DLL
0x00007fff14a00000 - 0x00007fff14a1b000 	C:\WINDOWS\SYSTEM32\CRYPTSP.dll
0x00007fff13440000 - 0x00007fff1347b000 	C:\WINDOWS\system32\rsaenh.dll
0x00007fff13970000 - 0x00007fff1399b000 	C:\WINDOWS\SYSTEM32\USERENV.dll
0x00007fff14dc0000 - 0x00007fff14de6000 	C:\WINDOWS\SYSTEM32\bcrypt.dll
0x00007fff13e50000 - 0x00007fff13e5c000 	C:\WINDOWS\SYSTEM32\CRYPTBASE.dll
0x00007ffef2960000 - 0x00007ffef2978000 	C:\WINDOWS\system32\napinsp.dll
0x00007ffef1870000 - 0x00007ffef1882000 	C:\WINDOWS\System32\winrnr.dll
0x00007ffef1670000 - 0x00007ffef16a0000 	C:\WINDOWS\system32\nlansp_c.dll
0x00007ffef1640000 - 0x00007ffef1660000 	C:\WINDOWS\system32\wshbth.dll
0x00007ffed9ac0000 - 0x00007ffed9ace000 	C:\Users\isaia\.jdks\openjdk-24.0.1\bin\sunmscapi.dll
0x00007fff15340000 - 0x00007fff154b7000 	C:\WINDOWS\System32\CRYPT32.dll
0x00007fff13e10000 - 0x00007fff13e40000 	C:\WINDOWS\SYSTEM32\ncrypt.dll
0x00007fff13dc0000 - 0x00007fff13dff000 	C:\WINDOWS\SYSTEM32\NTASN1.dll
0x00007ffed9a70000 - 0x00007ffed9a80000 	C:\Users\isaia\.jdks\openjdk-24.0.1\bin\verify.dll
0x00007ffef4d60000 - 0x00007ffef4d68000 	C:\WINDOWS\system32\wshunix.dll

JVMTI agents:
C:\Program Files\JetBrains\IntelliJ IDEA 2024.2.1\lib\idea_rt.jar path:C:\Users\isaia\.jdks\openjdk-24.0.1\bin\instrument.dll, loaded, initialized, instrumentlib options:50640:C:\Program Files\JetBrains\IntelliJ IDEA 2024.2.1\bin

dbghelp: loaded successfully - version: 4.0.5 - missing functions: none
symbol engine: initialized successfully - sym options: 0x614 - pdb path: .;C:\Users\isaia\.jdks\openjdk-24.0.1\bin;C:\WINDOWS\SYSTEM32;C:\WINDOWS\WinSxS\amd64_microsoft.windows.common-controls_6595b64144ccf1df_6.0.26100.4768_none_3e0c112ce331287c;C:\Users\isaia\.jdks\openjdk-24.0.1\bin\server;C:\Program Files\JetBrains\IntelliJ IDEA 2024.2.1\bin

VM Arguments:
jvm_args: -XX:TieredStopAtLevel=1 -Dspring.output.ansi.enabled=always -Dcom.sun.management.jmxremote -Dspring.jmx.enabled=true -Dspring.liveBeansView.mbeanDomain -Dspring.application.admin.enabled=true -Dmanagement.endpoints.jmx.exposure.include=* -javaagent:C:\Program Files\JetBrains\IntelliJ IDEA 2024.2.1\lib\idea_rt.jar=50640:C:\Program Files\JetBrains\IntelliJ IDEA 2024.2.1\bin -Dfile.encoding=UTF-8 -Dsun.stdout.encoding=UTF-8 -Dsun.stderr.encoding=UTF-8 
java_command: com.example.nutridata.NutridataApplication
java_class_path (initial): C:\Users\isaia\OneDrive\Escritorio\New folder (2)\nutridata-backend\target\classes;C:\Users\isaia\.m2\repository\org\springframework\boot\spring-boot-starter-data-jpa\3.5.4\spring-boot-starter-data-jpa-3.5.4.jar;C:\Users\isaia\.m2\repository\org\springframework\boot\spring-boot-starter\3.5.4\spring-boot-starter-3.5.4.jar;C:\Users\isaia\.m2\repository\org\springframework\boot\spring-boot-starter-logging\3.5.4\spring-boot-starter-logging-3.5.4.jar;C:\Users\isaia\.m2\repository\ch\qos\logback\logback-classic\1.5.18\logback-classic-1.5.18.jar;C:\Users\isaia\.m2\repository\ch\qos\logback\logback-core\1.5.18\logback-core-1.5.18.jar;C:\Users\isaia\.m2\repository\org\apache\logging\log4j\log4j-to-slf4j\2.24.3\log4j-to-slf4j-2.24.3.jar;C:\Users\isaia\.m2\repository\org\apache\logging\log4j\log4j-api\2.24.3\log4j-api-2.24.3.jar;C:\Users\isaia\.m2\repository\org\slf4j\jul-to-slf4j\2.0.17\jul-to-slf4j-2.0.17.jar;C:\Users\isaia\.m2\repository\jakarta\annotation\jakarta.annotation-api\2.1.1\jakarta.annotation-api-2.1.1.jar;C:\Users\isaia\.m2\repository\org\yaml\snakeyaml\2.4\snakeyaml-2.4.jar;C:\Users\isaia\.m2\repository\org\springframework\boot\spring-boot-starter-jdbc\3.5.4\spring-boot-starter-jdbc-3.5.4.jar;C:\Users\isaia\.m2\repository\com\zaxxer\HikariCP\6.3.1\HikariCP-6.3.1.jar;C:\Users\isaia\.m2\repository\org\springframework\spring-jdbc\6.2.9\spring-jdbc-6.2.9.jar;C:\Users\isaia\.m2\repository\org\hibernate\orm\hibernate-core\6.6.22.Final\hibernate-core-6.6.22.Final.jar;C:\Users\isaia\.m2\repository\jakarta\persistence\jakarta.persistence-api\3.1.0\jakarta.persistence-api-3.1.0.jar;C:\Users\isaia\.m2\repository\jakarta\transaction\jakarta.transaction-api\2.0.1\jakarta.transaction-api-2.0.1.jar;C:\Users\isaia\.m2\repository\org\jboss\logging\jboss-logging\3.6.1.Final\jboss-logging-3.6.1.Final.jar;C:\Users\isaia\.m2\repository\org\hibernate\common\hibernate-commons-annotations\7.0.3.Final\hibernate-commons-annotations-7.0.3.Final.jar;C:\Users\isaia\.m2\repository\io\smallrye\jandex\3.2.0\jandex-3.2.0.jar;C:\Users\isaia\.m2\repository\com\fasterxml\classmate\1.7.0\classmate-1.7.0.jar;C:\Users\isaia\.m2\repository\net\bytebuddy\byte-buddy\1.17.6\byte-buddy-1.17.6.jar;C:\Users\isaia\.m2\repository\org\glassfish\jaxb\jaxb-runtime\4.0.5\jaxb-runtime-4.0.5.jar;C:\Users\isaia\.m2\repository\org\glassfish\jaxb\jaxb-core\4.0.5\jaxb-core-4.0.5.jar;C:\Users\isaia\.m2\repository\org\eclipse\angus\angus-activation\2.0.2\angus-activation-2.0.2.jar;C:\Users\isaia\.m2\repository\org\glassfish\jaxb\txw2\4.0.5\txw2-4.0.5.jar;C:\Users\isaia\.m2\repository\com\sun\istack\istack-commons-runtime\4.1.2\istack-commons-runtime-4.1.2.jar;C:\Users\isaia\.m2\repository\jakarta\inject\jakarta.inject-api\2.0.1\jakarta.inject-api-2.0.1.jar;C:\Users\isaia\.m2\repository\org\antlr\antlr4-runtime\4.13.0\antlr4-runtime-4.13.0.jar;C:\Users\isaia\.m2\repository\org\springframework\data\spring-data-jpa\3.5.2\spring-data-jpa-3.5.2.jar;C:\Users\isaia\.m2\repository\org\springframework\data\spring-data-commons\3.5.2\spring-data-commons-3.5.2.jar;C:\Users\isaia\.m2\repository\org\springframework\spring-orm\6.2.9\spring-orm-6.2.9.jar;C:\Users\isaia\.m2\repository\org\springframework\spring-context\6.2.9\spring-context-6.2.9.jar;C:\Users\isaia\.m2\repository\org\springframework\spring-aop\6.2.9\spring-aop-6.2.9.jar;C:\Users\isaia\.m2\repository\org\springframework\spring-tx\6.2.9\spring-tx-6.2.9.jar;C:\Users\isaia\.m2\repository\org\springframework\spring-beans\6.2.9\spring-beans-6.2.9.jar;C:\Users\isaia\.m2\repository\org\slf4j\slf4j-api\2.0.17\slf4j-api-2.0.17.jar;C:\Users\isaia\.m2\repository\org\springframework\spring-aspects\6.2.9\spring-aspects-6.2.9.jar;C:\Users\isaia\.m2\repository\org\aspectj\aspectjweaver\1.9.24\aspectjweaver-1.9.24.jar;C:\Users\isaia\.m2\repository\org\springframework\boot\spring-boot-starter-web\3.5.4\spring-boot-starter-web-3.5.4.jar;C:\Users\isaia\.m2\repository\org\springframework\boot\spring-boot-starter-json\3.5.4\spring-boot-starter-json-3.5.4.jar;C:\Users\isaia\.m2\repository\com\fasterxml\jackson\core\jackson-databind\2.19.2\jackson-databind-2.19.2.jar;C:\Users\isaia\.m2\repository\com\fasterxml\jackson\core\jackson-annotations\2.19.2\jackson-annotations-2.19.2.jar;C:\Users\isaia\.m2\repository\com\fasterxml\jackson\core\jackson-core\2.19.2\jackson-core-2.19.2.jar;C:\Users\isaia\.m2\repository\com\fasterxml\jackson\datatype\jackson-datatype-jdk8\2.19.2\jackson-datatype-jdk8-2.19.2.jar;C:\Users\isaia\.m2\repository\com\fasterxml\jackson\datatype\jackson-datatype-jsr310\2.19.2\jackson-datatype-jsr310-2.19.2.jar;C:\Users\isaia\.m2\repository\com\fasterxml\jackson\module\jackson-module-parameter-names\2.19.2\jackson-module-parameter-names-2.19.2.jar;C:\Users\isaia\.m2\repository\org\springframework\boot\spring-boot-starter-tomcat\3.5.4\spring-boot-starter-tomcat-3.5.4.jar;C:\Users\isaia\.m2\repository\org\apache\tomcat\embed\tomcat-embed-core\10.1.43\tomcat-embed-core-10.1.43.jar;C:\Users\isaia\.m2\repository\org\apache\tomcat\embed\tomcat-embed-websocket\10.1.43\tomcat-embed-websocket-10.1.43.jar;C:\Users\isaia\.m2\repository\org\springframework\spring-web\6.2.9\spring-web-6.2.9.jar;C:\Users\isaia\.m2\repository\io\micrometer\micrometer-observation\1.15.2\micrometer-observation-1.15.2.jar;C:\Users\isaia\.m2\repository\io\micrometer\micrometer-commons\1.15.2\micrometer-commons-1.15.2.jar;C:\Users\isaia\.m2\repository\org\springframework\spring-webmvc\6.2.9\spring-webmvc-6.2.9.jar;C:\Users\isaia\.m2\repository\org\springframework\spring-expression\6.2.9\spring-expression-6.2.9.jar;C:\Users\isaia\.m2\repository\org\springframework\boot\spring-boot-devtools\3.5.4\spring-boot-devtools-3.5.4.jar;C:\Users\isaia\.m2\repository\org\springframework\boot\spring-boot\3.5.4\spring-boot-3.5.4.jar;C:\Users\isaia\.m2\repository\org\springframework\boot\spring-boot-autoconfigure\3.5.4\spring-boot-autoconfigure-3.5.4.jar;C:\Users\isaia\.m2\repository\org\postgresql\postgresql\42.7.7\postgresql-42.7.7.jar;C:\Users\isaia\.m2\repository\org\checkerframework\checker-qual\3.49.3\checker-qual-3.49.3.jar;C:\Users\isaia\.m2\repository\jakarta\xml\bind\jakarta.xml.bind-api\4.0.2\jakarta.xml.bind-api-4.0.2.jar;C:\Users\isaia\.m2\repository\jakarta\activation\jakarta.activation-api\2.1.3\jakarta.activation-api-2.1.3.jar;C:\Users\isaia\.m2\repository\org\springframework\spring-core\6.2.9\spring-core-6.2.9.jar;C:\Users\isaia\.m2\repository\org\springframework\spring-jcl\6.2.9\spring-jcl-6.2.9.jar;C:\Users\isaia\.m2\repository\me\paulschwarz\spring-dotenv\3.0.0\spring-dotenv-3.0.0.jar;C:\Users\isaia\.m2\repository\io\github\cdimascio\dotenv-java\2.2.4\dotenv-java-2.2.4.jar;C:\Users\isaia\.m2\repository\org\projectlombok\lombok\1.18.38\lombok-1.18.38.jar;C:\Users\isaia\.m2\repository\org\springframework\boot\spring-boot-starter-validation\3.5.4\spring-boot-starter-validation-3.5.4.jar;C:\Users\isaia\.m2\repository\org\apache\tomcat\embed\tomcat-embed-el\10.1.43\tomcat-embed-el-10.1.43.jar;C:\Users\isaia\.m2\repository\org\hibernate\validator\hibernate-validator\8.0.2.Final\hibernate-validator-8.0.2.Final.jar;C:\Users\isaia\.m2\repository\jakarta\validation\jakarta.validation-api\3.0.2\jakarta.validation-api-3.0.2.jar
Launcher Type: SUN_STANDARD

[Global flags]
     intx CICompilerCount                          = 3                                         {product} {ergonomic}
     uint ConcGCThreads                            = 1                                         {product} {ergonomic}
     uint G1ConcRefinementThreads                  = 4                                         {product} {ergonomic}
   size_t G1HeapRegionSize                         = 1048576                                   {product} {ergonomic}
   size_t InitialHeapSize                          = 134217728                                 {product} {ergonomic}
     bool ManagementServer                         = true                                      {product} {command line}
   size_t MarkStackSize                            = 4194304                                   {product} {ergonomic}
   size_t MarkStackSizeMax                         = 536870912                                 {product} {ergonomic}
   size_t MaxHeapSize                              = 2116026368                                {product} {ergonomic}
   size_t MaxNewSize                               = 1268776960                                {product} {ergonomic}
   size_t MinHeapDeltaBytes                        = 1048576                                   {product} {ergonomic}
   size_t MinHeapSize                              = 8388608                                   {product} {ergonomic}
    uintx NonNMethodCodeHeapSize                   = 4096                                   {pd product} {ergonomic}
    uintx NonProfiledCodeHeapSize                  = 0                                      {pd product} {ergonomic}
     bool ProfileInterpreter                       = false                                  {pd product} {command line}
    uintx ProfiledCodeHeapSize                     = 0                                      {pd product} {ergonomic}
   size_t SoftMaxHeapSize                          = 2116026368                             {manageable} {ergonomic}
     intx TieredStopAtLevel                        = 1                                         {product} {command line}
     bool UseCompressedOops                        = true                           {product lp64_product} {ergonomic}
     bool UseG1GC                                  = true                                      {product} {ergonomic}
     bool UseLargePagesIndividualAllocation        = false                                  {pd product} {ergonomic}

Logging:
Log output configuration:
 #0: stdout all=warning uptime,level,tags foldmultilines=false
 #1: stderr all=off uptime,level,tags foldmultilines=false

Environment Variables:
PATH=C:\oraclexe\app\oracle\product\11.2.0\server\bin;C:\Program Files (x86)\VMware\VMware Player\bin\;C:\Program Files\Common Files\Oracle\Java\javapath;C:\Program Files (x86)\Common Files\Oracle\Java\java8path;C:\Program Files (x86)\Common Files\Oracle\Java\javapath;C:\ProgramData\Oracle\Java\javapath;C:\WINDOWS\system32;C:\WINDOWS;C:\WINDOWS\System32\Wbem;C:\WINDOWS\System32\WindowsPowerShell\v1.0\;C:\WINDOWS\System32\OpenSSH\;C:\Program Files\Git\cmd;C:\Program Files\nodejs\;C:\Program Files\dotnet\;C:\Program Files\HP\HP One Agent;C:\Program Files\Microsoft VS Code\bin;C:\WINDOWS\system32;C:\WINDOWS;C:\WINDOWS\System32\Wbem;C:\WINDOWS\System32\WindowsPowerShell\v1.0\;C:\WINDOWS\System32\OpenSSH\;C:\Users\isaia\OneDrive\Documentos\Maven\apache-maven-3.9.9-bin\apache-maven-3.9.9\bin;;C:\Program Files\Docker\Docker\resources\bin;C:\Users\isaia\AppData\Local\Microsoft\WindowsApps;C:\Users\isaia\AppData\Roaming\npm;C:\Program Files\JetBrains\IntelliJ IDEA 2024.2.1\bin;;C:\Users\isaia\AppData\Local\Programs\Microsoft VS Code\bin;C:\MinGW\bin;
USERNAME=isaia
OS=Windows_NT
PROCESSOR_IDENTIFIER=Intel64 Family 6 Model 142 Stepping 12, GenuineIntel
TMP=C:\Users\isaia\AppData\Local\Temp
TEMP=C:\Users\isaia\AppData\Local\Temp




Periodic native trim disabled

---------------  S Y S T E M  ---------------

OS:
 Windows 11 , 64 bit Build 26100 (10.0.26100.4768)
OS uptime: 0 days 0:35 hours
Hyper-V role detected

CPU: total 4 (initial active 4) (2 cores per cpu, 2 threads per core) family 6 model 142 stepping 12 microcode 0xde, cx8, cmov, fxsr, ht, mmx, 3dnowpref, sse, sse2, sse3, ssse3, sse4.1, sse4.2, popcnt, lzcnt, tsc, tscinvbit, aes, erms, clmul, clflush, clflushopt, hv, rdtscp
Processor Information for the first 4 processors :
  Max Mhz: 2304, Current Mhz: 2304, Mhz Limit: 2304

Memory: 4k page, system-wide physical 8070M (953M free)
TotalPageFile size 17347M (AvailPageFile size 3187M)
current process WorkingSet (physical memory assigned to process): 196M, peak: 211M
current process commit charge ("private bytes"): 255M, peak: 255M

vm_info: OpenJDK 64-Bit Server VM (24.0.1+9-30) for windows-amd64 JRE (24.0.1+9-30), built on 2025-03-05T07:23:45Z with MS VC++ 17.6 (VS2022)

END.
